[ 2023-10-11 18:24:10,538 ] 157 numexpr.utils - INFO - NumExpr defaulting to 8 threads.
[ 2023-10-11 18:24:13,106 ] 225 werkzeug - WARNING -  * Debugger is active!
[ 2023-10-11 18:24:13,118 ] 225 werkzeug - INFO -  * Debugger PIN: 144-909-291
[ 2023-10-11 18:24:13,231 ] 225 werkzeug - INFO -  * Detected change in 'c:\\users\\paurash\\desktop\\end to end ml project\\end-to-end-machine-learning-project\\env\\Lib\\lib2to3\\fixes\\fix_itertools.py', reloading
[ 2023-10-11 18:24:13,232 ] 225 werkzeug - INFO -  * Detected change in 'C:\\Users\\Paurash\\Desktop\\End to End ML Project\\End-to-End-Machine-Learning-Project\\env\\Lib\\lib2to3\\fixes\\fix_itertools.py', reloading
[ 2023-10-11 18:24:13,241 ] 225 werkzeug - WARNING -  * Running on all addresses.
   WARNING: This is a development server. Do not use it in a production deployment.
[ 2023-10-11 18:24:13,242 ] 225 werkzeug - INFO -  * Running on http://192.168.1.65:5000/ (Press CTRL+C to quit)
[ 2023-10-11 18:24:13,245 ] 225 werkzeug - INFO -  * Detected change in 'c:\\users\\paurash\\desktop\\end to end ml project\\end-to-end-machine-learning-project\\env\\Lib\\lib2to3\\fixes\\fix_itertools_imports.py', reloading
[ 2023-10-11 18:24:13,245 ] 225 werkzeug - INFO -  * Detected change in 'C:\\Users\\Paurash\\Desktop\\End to End ML Project\\End-to-End-Machine-Learning-Project\\env\\Lib\\lib2to3\\fixes\\fix_itertools_imports.py', reloading
[ 2023-10-11 18:24:13,255 ] 225 werkzeug - INFO -  * Detected change in 'c:\\users\\paurash\\desktop\\end to end ml project\\end-to-end-machine-learning-project\\env\\Lib\\lib2to3\\fixes\\fix_long.py', reloading
[ 2023-10-11 18:24:13,255 ] 225 werkzeug - INFO -  * Detected change in 'C:\\Users\\Paurash\\Desktop\\End to End ML Project\\End-to-End-Machine-Learning-Project\\env\\Lib\\lib2to3\\fixes\\fix_long.py', reloading
[ 2023-10-11 18:24:13,267 ] 225 werkzeug - INFO -  * Detected change in 'C:\\Users\\Paurash\\Desktop\\End to End ML Project\\End-to-End-Machine-Learning-Project\\env\\Lib\\lib2to3\\fixes\\fix_map.py', reloading
[ 2023-10-11 18:24:13,267 ] 225 werkzeug - INFO -  * Detected change in 'c:\\users\\paurash\\desktop\\end to end ml project\\end-to-end-machine-learning-project\\env\\Lib\\lib2to3\\fixes\\fix_map.py', reloading
[ 2023-10-11 18:24:13,282 ] 225 werkzeug - INFO -  * Detected change in 'c:\\users\\paurash\\desktop\\end to end ml project\\end-to-end-machine-learning-project\\env\\Lib\\lib2to3\\fixes\\fix_metaclass.py', reloading
[ 2023-10-11 18:24:13,283 ] 225 werkzeug - INFO -  * Detected change in 'C:\\Users\\Paurash\\Desktop\\End to End ML Project\\End-to-End-Machine-Learning-Project\\env\\Lib\\lib2to3\\fixes\\fix_metaclass.py', reloading
[ 2023-10-11 18:24:13,298 ] 225 werkzeug - INFO -  * Detected change in 'C:\\Users\\Paurash\\Desktop\\End to End ML Project\\End-to-End-Machine-Learning-Project\\env\\Lib\\lib2to3\\fixes\\fix_methodattrs.py', reloading
[ 2023-10-11 18:24:13,299 ] 225 werkzeug - INFO -  * Detected change in 'c:\\users\\paurash\\desktop\\end to end ml project\\end-to-end-machine-learning-project\\env\\Lib\\lib2to3\\fixes\\fix_methodattrs.py', reloading
[ 2023-10-11 18:24:13,310 ] 225 werkzeug - INFO -  * Detected change in 'c:\\users\\paurash\\desktop\\end to end ml project\\end-to-end-machine-learning-project\\env\\Lib\\lib2to3\\fixes\\fix_ne.py', reloading
[ 2023-10-11 18:24:13,311 ] 225 werkzeug - INFO -  * Detected change in 'C:\\Users\\Paurash\\Desktop\\End to End ML Project\\End-to-End-Machine-Learning-Project\\env\\Lib\\lib2to3\\fixes\\fix_ne.py', reloading
[ 2023-10-11 18:24:13,326 ] 225 werkzeug - INFO -  * Detected change in 'c:\\users\\paurash\\desktop\\end to end ml project\\end-to-end-machine-learning-project\\env\\Lib\\lib2to3\\fixes\\fix_next.py', reloading
[ 2023-10-11 18:24:13,327 ] 225 werkzeug - INFO -  * Detected change in 'C:\\Users\\Paurash\\Desktop\\End to End ML Project\\End-to-End-Machine-Learning-Project\\env\\Lib\\lib2to3\\fixes\\fix_next.py', reloading
[ 2023-10-11 18:24:13,344 ] 225 werkzeug - INFO -  * Detected change in 'C:\\Users\\Paurash\\Desktop\\End to End ML Project\\End-to-End-Machine-Learning-Project\\env\\Lib\\lib2to3\\fixes\\fix_nonzero.py', reloading
[ 2023-10-11 18:24:13,344 ] 225 werkzeug - INFO -  * Detected change in 'c:\\users\\paurash\\desktop\\end to end ml project\\end-to-end-machine-learning-project\\env\\Lib\\lib2to3\\fixes\\fix_nonzero.py', reloading
[ 2023-10-11 18:24:13,356 ] 225 werkzeug - INFO -  * Detected change in 'c:\\users\\paurash\\desktop\\end to end ml project\\end-to-end-machine-learning-project\\env\\Lib\\lib2to3\\fixes\\fix_numliterals.py', reloading
[ 2023-10-11 18:24:13,356 ] 225 werkzeug - INFO -  * Detected change in 'C:\\Users\\Paurash\\Desktop\\End to End ML Project\\End-to-End-Machine-Learning-Project\\env\\Lib\\lib2to3\\fixes\\fix_numliterals.py', reloading
[ 2023-10-11 18:24:13,368 ] 225 werkzeug - INFO -  * Detected change in 'c:\\users\\paurash\\desktop\\end to end ml project\\end-to-end-machine-learning-project\\env\\Lib\\lib2to3\\fixes\\fix_operator.py', reloading
[ 2023-10-11 18:24:13,369 ] 225 werkzeug - INFO -  * Detected change in 'C:\\Users\\Paurash\\Desktop\\End to End ML Project\\End-to-End-Machine-Learning-Project\\env\\Lib\\lib2to3\\fixes\\fix_operator.py', reloading
[ 2023-10-11 18:24:13,380 ] 225 werkzeug - INFO -  * Detected change in 'C:\\Users\\Paurash\\Desktop\\End to End ML Project\\End-to-End-Machine-Learning-Project\\env\\Lib\\lib2to3\\fixes\\fix_paren.py', reloading
[ 2023-10-11 18:24:13,380 ] 225 werkzeug - INFO -  * Detected change in 'c:\\users\\paurash\\desktop\\end to end ml project\\end-to-end-machine-learning-project\\env\\Lib\\lib2to3\\fixes\\fix_paren.py', reloading
[ 2023-10-11 18:24:13,393 ] 225 werkzeug - INFO -  * Detected change in 'C:\\Users\\Paurash\\Desktop\\End to End ML Project\\End-to-End-Machine-Learning-Project\\env\\Lib\\lib2to3\\fixes\\fix_print.py', reloading
[ 2023-10-11 18:24:13,394 ] 225 werkzeug - INFO -  * Detected change in 'c:\\users\\paurash\\desktop\\end to end ml project\\end-to-end-machine-learning-project\\env\\Lib\\lib2to3\\fixes\\fix_print.py', reloading
[ 2023-10-11 18:24:13,406 ] 225 werkzeug - INFO -  * Detected change in 'C:\\Users\\Paurash\\Desktop\\End to End ML Project\\End-to-End-Machine-Learning-Project\\env\\Lib\\lib2to3\\fixes\\fix_raise.py', reloading
[ 2023-10-11 18:24:13,406 ] 225 werkzeug - INFO -  * Detected change in 'c:\\users\\paurash\\desktop\\end to end ml project\\end-to-end-machine-learning-project\\env\\Lib\\lib2to3\\fixes\\fix_raise.py', reloading
[ 2023-10-11 18:24:13,418 ] 225 werkzeug - INFO -  * Detected change in 'c:\\users\\paurash\\desktop\\end to end ml project\\end-to-end-machine-learning-project\\env\\Lib\\lib2to3\\fixes\\fix_raw_input.py', reloading
[ 2023-10-11 18:24:13,418 ] 225 werkzeug - INFO -  * Detected change in 'C:\\Users\\Paurash\\Desktop\\End to End ML Project\\End-to-End-Machine-Learning-Project\\env\\Lib\\lib2to3\\fixes\\fix_raw_input.py', reloading
[ 2023-10-11 18:24:13,429 ] 225 werkzeug - INFO -  * Detected change in 'C:\\Users\\Paurash\\Desktop\\End to End ML Project\\End-to-End-Machine-Learning-Project\\env\\Lib\\lib2to3\\fixes\\fix_reduce.py', reloading
[ 2023-10-11 18:24:13,429 ] 225 werkzeug - INFO -  * Detected change in 'c:\\users\\paurash\\desktop\\end to end ml project\\end-to-end-machine-learning-project\\env\\Lib\\lib2to3\\fixes\\fix_reduce.py', reloading
[ 2023-10-11 18:24:13,440 ] 225 werkzeug - INFO -  * Detected change in 'C:\\Users\\Paurash\\Desktop\\End to End ML Project\\End-to-End-Machine-Learning-Project\\env\\Lib\\lib2to3\\fixes\\fix_reload.py', reloading
[ 2023-10-11 18:24:13,440 ] 225 werkzeug - INFO -  * Detected change in 'c:\\users\\paurash\\desktop\\end to end ml project\\end-to-end-machine-learning-project\\env\\Lib\\lib2to3\\fixes\\fix_reload.py', reloading
[ 2023-10-11 18:24:13,455 ] 225 werkzeug - INFO -  * Detected change in 'C:\\Users\\Paurash\\Desktop\\End to End ML Project\\End-to-End-Machine-Learning-Project\\env\\Lib\\lib2to3\\fixes\\fix_renames.py', reloading
[ 2023-10-11 18:24:13,456 ] 225 werkzeug - INFO -  * Detected change in 'c:\\users\\paurash\\desktop\\end to end ml project\\end-to-end-machine-learning-project\\env\\Lib\\lib2to3\\fixes\\fix_renames.py', reloading
[ 2023-10-11 18:24:13,468 ] 225 werkzeug - INFO -  * Detected change in 'C:\\Users\\Paurash\\Desktop\\End to End ML Project\\End-to-End-Machine-Learning-Project\\env\\Lib\\lib2to3\\fixes\\fix_repr.py', reloading
[ 2023-10-11 18:24:13,468 ] 225 werkzeug - INFO -  * Detected change in 'c:\\users\\paurash\\desktop\\end to end ml project\\end-to-end-machine-learning-project\\env\\Lib\\lib2to3\\fixes\\fix_repr.py', reloading
[ 2023-10-11 18:24:13,482 ] 225 werkzeug - INFO -  * Detected change in 'C:\\Users\\Paurash\\Desktop\\End to End ML Project\\End-to-End-Machine-Learning-Project\\env\\Lib\\lib2to3\\fixes\\fix_set_literal.py', reloading
[ 2023-10-11 18:24:13,482 ] 225 werkzeug - INFO -  * Detected change in 'c:\\users\\paurash\\desktop\\end to end ml project\\end-to-end-machine-learning-project\\env\\Lib\\lib2to3\\fixes\\fix_set_literal.py', reloading
[ 2023-10-11 18:24:13,496 ] 225 werkzeug - INFO -  * Detected change in 'c:\\users\\paurash\\desktop\\end to end ml project\\end-to-end-machine-learning-project\\env\\Lib\\lib2to3\\fixes\\fix_standarderror.py', reloading
[ 2023-10-11 18:24:13,496 ] 225 werkzeug - INFO -  * Detected change in 'C:\\Users\\Paurash\\Desktop\\End to End ML Project\\End-to-End-Machine-Learning-Project\\env\\Lib\\lib2to3\\fixes\\fix_standarderror.py', reloading
[ 2023-10-11 18:24:13,510 ] 225 werkzeug - INFO -  * Detected change in 'C:\\Users\\Paurash\\Desktop\\End to End ML Project\\End-to-End-Machine-Learning-Project\\env\\Lib\\lib2to3\\fixes\\fix_sys_exc.py', reloading
[ 2023-10-11 18:24:13,510 ] 225 werkzeug - INFO -  * Detected change in 'c:\\users\\paurash\\desktop\\end to end ml project\\end-to-end-machine-learning-project\\env\\Lib\\lib2to3\\fixes\\fix_sys_exc.py', reloading
[ 2023-10-11 18:24:13,527 ] 225 werkzeug - INFO -  * Detected change in 'c:\\users\\paurash\\desktop\\end to end ml project\\end-to-end-machine-learning-project\\env\\Lib\\lib2to3\\fixes\\fix_throw.py', reloading
[ 2023-10-11 18:24:13,528 ] 225 werkzeug - INFO -  * Detected change in 'C:\\Users\\Paurash\\Desktop\\End to End ML Project\\End-to-End-Machine-Learning-Project\\env\\Lib\\lib2to3\\fixes\\fix_throw.py', reloading
[ 2023-10-11 18:24:13,547 ] 225 werkzeug - INFO -  * Detected change in 'c:\\users\\paurash\\desktop\\end to end ml project\\end-to-end-machine-learning-project\\env\\Lib\\lib2to3\\fixes\\fix_tuple_params.py', reloading
[ 2023-10-11 18:24:13,548 ] 225 werkzeug - INFO -  * Detected change in 'C:\\Users\\Paurash\\Desktop\\End to End ML Project\\End-to-End-Machine-Learning-Project\\env\\Lib\\lib2to3\\fixes\\fix_tuple_params.py', reloading
[ 2023-10-11 18:24:13,567 ] 225 werkzeug - INFO -  * Detected change in 'c:\\users\\paurash\\desktop\\end to end ml project\\end-to-end-machine-learning-project\\env\\Lib\\lib2to3\\fixes\\fix_types.py', reloading
[ 2023-10-11 18:24:13,568 ] 225 werkzeug - INFO -  * Detected change in 'C:\\Users\\Paurash\\Desktop\\End to End ML Project\\End-to-End-Machine-Learning-Project\\env\\Lib\\lib2to3\\fixes\\fix_types.py', reloading
[ 2023-10-11 18:24:13,583 ] 225 werkzeug - INFO -  * Detected change in 'c:\\users\\paurash\\desktop\\end to end ml project\\end-to-end-machine-learning-project\\env\\Lib\\lib2to3\\fixes\\fix_unicode.py', reloading
[ 2023-10-11 18:24:13,584 ] 225 werkzeug - INFO -  * Detected change in 'C:\\Users\\Paurash\\Desktop\\End to End ML Project\\End-to-End-Machine-Learning-Project\\env\\Lib\\lib2to3\\fixes\\fix_unicode.py', reloading
[ 2023-10-11 18:24:13,601 ] 225 werkzeug - INFO -  * Detected change in 'C:\\Users\\Paurash\\Desktop\\End to End ML Project\\End-to-End-Machine-Learning-Project\\env\\Lib\\lib2to3\\fixes\\fix_urllib.py', reloading
[ 2023-10-11 18:24:13,602 ] 225 werkzeug - INFO -  * Detected change in 'c:\\users\\paurash\\desktop\\end to end ml project\\end-to-end-machine-learning-project\\env\\Lib\\lib2to3\\fixes\\fix_urllib.py', reloading
[ 2023-10-11 18:24:13,620 ] 225 werkzeug - INFO -  * Detected change in 'c:\\users\\paurash\\desktop\\end to end ml project\\end-to-end-machine-learning-project\\env\\Lib\\lib2to3\\fixes\\fix_ws_comma.py', reloading
[ 2023-10-11 18:24:13,620 ] 225 werkzeug - INFO -  * Detected change in 'C:\\Users\\Paurash\\Desktop\\End to End ML Project\\End-to-End-Machine-Learning-Project\\env\\Lib\\lib2to3\\fixes\\fix_ws_comma.py', reloading
[ 2023-10-11 18:24:13,638 ] 225 werkzeug - INFO -  * Detected change in 'c:\\users\\paurash\\desktop\\end to end ml project\\end-to-end-machine-learning-project\\env\\Lib\\lib2to3\\fixes\\fix_xrange.py', reloading
[ 2023-10-11 18:24:13,638 ] 225 werkzeug - INFO -  * Detected change in 'C:\\Users\\Paurash\\Desktop\\End to End ML Project\\End-to-End-Machine-Learning-Project\\env\\Lib\\lib2to3\\fixes\\fix_xrange.py', reloading
[ 2023-10-11 18:24:13,653 ] 225 werkzeug - INFO -  * Detected change in 'c:\\users\\paurash\\desktop\\end to end ml project\\end-to-end-machine-learning-project\\env\\Lib\\lib2to3\\fixes\\fix_xreadlines.py', reloading
[ 2023-10-11 18:24:13,654 ] 225 werkzeug - INFO -  * Detected change in 'C:\\Users\\Paurash\\Desktop\\End to End ML Project\\End-to-End-Machine-Learning-Project\\env\\Lib\\lib2to3\\fixes\\fix_xreadlines.py', reloading
[ 2023-10-11 18:24:13,668 ] 225 werkzeug - INFO -  * Detected change in 'c:\\users\\paurash\\desktop\\end to end ml project\\end-to-end-machine-learning-project\\env\\Lib\\lib2to3\\fixes\\fix_zip.py', reloading
[ 2023-10-11 18:24:13,668 ] 225 werkzeug - INFO -  * Detected change in 'C:\\Users\\Paurash\\Desktop\\End to End ML Project\\End-to-End-Machine-Learning-Project\\env\\Lib\\lib2to3\\fixes\\fix_zip.py', reloading
[ 2023-10-11 18:24:13,703 ] 225 werkzeug - INFO -  * Detected change in 'C:\\Users\\Paurash\\Desktop\\End to End ML Project\\End-to-End-Machine-Learning-Project\\env\\Lib\\lib2to3\\pgen2\\conv.py', reloading
[ 2023-10-11 18:24:13,704 ] 225 werkzeug - INFO -  * Detected change in 'c:\\users\\paurash\\desktop\\end to end ml project\\end-to-end-machine-learning-project\\env\\Lib\\lib2to3\\pgen2\\conv.py', reloading
[ 2023-10-11 18:24:13,736 ] 225 werkzeug - INFO -  * Detected change in 'c:\\users\\paurash\\desktop\\end to end ml project\\end-to-end-machine-learning-project\\env\\Lib\\lib2to3\\pgen2\\driver.py', reloading
[ 2023-10-11 18:24:13,736 ] 225 werkzeug - INFO -  * Detected change in 'C:\\Users\\Paurash\\Desktop\\End to End ML Project\\End-to-End-Machine-Learning-Project\\env\\Lib\\lib2to3\\pgen2\\driver.py', reloading
[ 2023-10-11 18:24:13,761 ] 225 werkzeug - INFO -  * Detected change in 'c:\\users\\paurash\\desktop\\end to end ml project\\end-to-end-machine-learning-project\\env\\Lib\\lib2to3\\pgen2\\grammar.py', reloading
[ 2023-10-11 18:24:13,762 ] 225 werkzeug - INFO -  * Detected change in 'C:\\Users\\Paurash\\Desktop\\End to End ML Project\\End-to-End-Machine-Learning-Project\\env\\Lib\\lib2to3\\pgen2\\grammar.py', reloading
[ 2023-10-11 18:24:13,782 ] 225 werkzeug - INFO -  * Detected change in 'c:\\users\\paurash\\desktop\\end to end ml project\\end-to-end-machine-learning-project\\env\\Lib\\lib2to3\\pgen2\\literals.py', reloading
[ 2023-10-11 18:24:13,783 ] 225 werkzeug - INFO -  * Detected change in 'C:\\Users\\Paurash\\Desktop\\End to End ML Project\\End-to-End-Machine-Learning-Project\\env\\Lib\\lib2to3\\pgen2\\literals.py', reloading
[ 2023-10-11 18:24:13,804 ] 225 werkzeug - INFO -  * Detected change in 'c:\\users\\paurash\\desktop\\end to end ml project\\end-to-end-machine-learning-project\\env\\Lib\\lib2to3\\pgen2\\parse.py', reloading
[ 2023-10-11 18:24:13,804 ] 225 werkzeug - INFO -  * Detected change in 'C:\\Users\\Paurash\\Desktop\\End to End ML Project\\End-to-End-Machine-Learning-Project\\env\\Lib\\lib2to3\\pgen2\\parse.py', reloading
[ 2023-10-11 18:24:13,829 ] 225 werkzeug - INFO -  * Detected change in 'c:\\users\\paurash\\desktop\\end to end ml project\\end-to-end-machine-learning-project\\env\\Lib\\lib2to3\\pgen2\\pgen.py', reloading
[ 2023-10-11 18:24:13,829 ] 225 werkzeug - INFO -  * Detected change in 'C:\\Users\\Paurash\\Desktop\\End to End ML Project\\End-to-End-Machine-Learning-Project\\env\\Lib\\lib2to3\\pgen2\\pgen.py', reloading
[ 2023-10-11 18:24:13,858 ] 225 werkzeug - INFO -  * Detected change in 'c:\\users\\paurash\\desktop\\end to end ml project\\end-to-end-machine-learning-project\\env\\Lib\\lib2to3\\pgen2\\token.py', reloading
[ 2023-10-11 18:24:13,859 ] 225 werkzeug - INFO -  * Detected change in 'C:\\Users\\Paurash\\Desktop\\End to End ML Project\\End-to-End-Machine-Learning-Project\\env\\Lib\\lib2to3\\pgen2\\token.py', reloading
[ 2023-10-11 18:24:13,880 ] 225 werkzeug - INFO -  * Detected change in 'c:\\users\\paurash\\desktop\\end to end ml project\\end-to-end-machine-learning-project\\env\\Lib\\lib2to3\\pgen2\\tokenize.py', reloading
[ 2023-10-11 18:24:13,880 ] 225 werkzeug - INFO -  * Detected change in 'C:\\Users\\Paurash\\Desktop\\End to End ML Project\\End-to-End-Machine-Learning-Project\\env\\Lib\\lib2to3\\pgen2\\tokenize.py', reloading
