[ 2023-10-11 18:24:16,088 ] 157 numexpr.utils - INFO - NumExpr defaulting to 8 threads.
[ 2023-10-11 18:24:21,593 ] 225 werkzeug - WARNING -  * Debugger is active!
[ 2023-10-11 18:24:21,616 ] 225 werkzeug - INFO -  * Debugger PIN: 144-909-291
[ 2023-10-11 18:24:21,844 ] 225 werkzeug - INFO -  * Detected change in 'C:\\Users\\Paurash\\Desktop\\End to End ML Project\\End-to-End-Machine-Learning-Project\\env\\Lib\\site-packages\\PIL\\__main__.py', reloading
[ 2023-10-11 18:24:21,847 ] 225 werkzeug - INFO -  * Detected change in 'c:\\users\\paurash\\desktop\\end to end ml project\\end-to-end-machine-learning-project\\env\\Lib\\site-packages\\PIL\\__main__.py', reloading
[ 2023-10-11 18:24:21,856 ] 225 werkzeug - WARNING -  * Running on all addresses.
   WARNING: This is a development server. Do not use it in a production deployment.
[ 2023-10-11 18:24:21,858 ] 225 werkzeug - INFO -  * Running on http://192.168.1.65:5000/ (Press CTRL+C to quit)
[ 2023-10-11 18:24:21,859 ] 225 werkzeug - INFO -  * Detected change in 'C:\\Users\\Paurash\\Desktop\\End to End ML Project\\End-to-End-Machine-Learning-Project\\env\\Lib\\site-packages\\PIL\\_binary.py', reloading
[ 2023-10-11 18:24:21,859 ] 225 werkzeug - INFO -  * Detected change in 'c:\\users\\paurash\\desktop\\end to end ml project\\end-to-end-machine-learning-project\\env\\Lib\\site-packages\\PIL\\_binary.py', reloading
[ 2023-10-11 18:24:21,892 ] 225 werkzeug - INFO -  * Detected change in 'C:\\Users\\Paurash\\Desktop\\End to End ML Project\\End-to-End-Machine-Learning-Project\\env\\Lib\\site-packages\\PIL\\_deprecate.py', reloading
[ 2023-10-11 18:24:21,892 ] 225 werkzeug - INFO -  * Detected change in 'c:\\users\\paurash\\desktop\\end to end ml project\\end-to-end-machine-learning-project\\env\\Lib\\site-packages\\PIL\\_deprecate.py', reloading
[ 2023-10-11 18:24:21,924 ] 225 werkzeug - INFO -  * Detected change in 'C:\\Users\\Paurash\\Desktop\\End to End ML Project\\End-to-End-Machine-Learning-Project\\env\\Lib\\site-packages\\PIL\\_tkinter_finder.py', reloading
[ 2023-10-11 18:24:21,925 ] 225 werkzeug - INFO -  * Detected change in 'c:\\users\\paurash\\desktop\\end to end ml project\\end-to-end-machine-learning-project\\env\\Lib\\site-packages\\PIL\\_tkinter_finder.py', reloading
[ 2023-10-11 18:24:21,943 ] 225 werkzeug - INFO -  * Detected change in 'C:\\Users\\Paurash\\Desktop\\End to End ML Project\\End-to-End-Machine-Learning-Project\\env\\Lib\\site-packages\\PIL\\_util.py', reloading
[ 2023-10-11 18:24:21,944 ] 225 werkzeug - INFO -  * Detected change in 'c:\\users\\paurash\\desktop\\end to end ml project\\end-to-end-machine-learning-project\\env\\Lib\\site-packages\\PIL\\_util.py', reloading
[ 2023-10-11 18:24:21,954 ] 225 werkzeug - INFO - 127.0.0.1 - - [11/Oct/2023 18:24:21] "GET / HTTP/1.1" 200 -
[ 2023-10-11 18:24:21,962 ] 225 werkzeug - INFO -  * Detected change in 'C:\\Users\\Paurash\\Desktop\\End to End ML Project\\End-to-End-Machine-Learning-Project\\env\\Lib\\site-packages\\PIL\\_version.py', reloading
[ 2023-10-11 18:24:21,962 ] 225 werkzeug - INFO -  * Detected change in 'c:\\users\\paurash\\desktop\\end to end ml project\\end-to-end-machine-learning-project\\env\\Lib\\site-packages\\PIL\\_version.py', reloading
[ 2023-10-11 18:24:21,992 ] 225 werkzeug - INFO -  * Detected change in 'C:\\Users\\Paurash\\Desktop\\End to End ML Project\\End-to-End-Machine-Learning-Project\\env\\Lib\\site-packages\\PIL\\features.py', reloading
[ 2023-10-11 18:24:21,993 ] 225 werkzeug - INFO -  * Detected change in 'c:\\users\\paurash\\desktop\\end to end ml project\\end-to-end-machine-learning-project\\env\\Lib\\site-packages\\PIL\\features.py', reloading
[ 2023-10-11 18:24:22,073 ] 225 werkzeug - INFO -  * Detected change in 'C:\\Users\\Paurash\\Desktop\\End to End ML Project\\End-to-End-Machine-Learning-Project\\env\\Lib\\site-packages\\_distutils_hack\\override.py', reloading
[ 2023-10-11 18:24:22,073 ] 225 werkzeug - INFO -  * Detected change in 'c:\\users\\paurash\\desktop\\end to end ml project\\end-to-end-machine-learning-project\\env\\Lib\\site-packages\\_distutils_hack\\override.py', reloading
[ 2023-10-11 18:24:22,092 ] 225 werkzeug - INFO -  * Detected change in 'c:\\users\\paurash\\desktop\\end to end ml project\\end-to-end-machine-learning-project\\env\\Lib\\site-packages\\blinker\\__init__.py', reloading
[ 2023-10-11 18:24:22,093 ] 225 werkzeug - INFO -  * Detected change in 'C:\\Users\\Paurash\\Desktop\\End to End ML Project\\End-to-End-Machine-Learning-Project\\env\\Lib\\site-packages\\blinker\\__init__.py', reloading
[ 2023-10-11 18:24:22,123 ] 225 werkzeug - INFO -  * Detected change in 'c:\\users\\paurash\\desktop\\end to end ml project\\end-to-end-machine-learning-project\\env\\Lib\\site-packages\\blinker\\_saferef.py', reloading
[ 2023-10-11 18:24:22,123 ] 225 werkzeug - INFO -  * Detected change in 'C:\\Users\\Paurash\\Desktop\\End to End ML Project\\End-to-End-Machine-Learning-Project\\env\\Lib\\site-packages\\blinker\\_saferef.py', reloading
[ 2023-10-11 18:24:22,161 ] 225 werkzeug - INFO -  * Detected change in 'c:\\users\\paurash\\desktop\\end to end ml project\\end-to-end-machine-learning-project\\env\\Lib\\site-packages\\blinker\\_utilities.py', reloading
[ 2023-10-11 18:24:22,162 ] 225 werkzeug - INFO -  * Detected change in 'C:\\Users\\Paurash\\Desktop\\End to End ML Project\\End-to-End-Machine-Learning-Project\\env\\Lib\\site-packages\\blinker\\_utilities.py', reloading
[ 2023-10-11 18:24:22,168 ] 225 werkzeug - INFO - 127.0.0.1 - - [11/Oct/2023 18:24:22] "[33mGET /favicon.ico HTTP/1.1[0m" 404 -
[ 2023-10-11 18:24:22,199 ] 225 werkzeug - INFO -  * Detected change in 'c:\\users\\paurash\\desktop\\end to end ml project\\end-to-end-machine-learning-project\\env\\Lib\\site-packages\\blinker\\base.py', reloading
[ 2023-10-11 18:24:22,199 ] 225 werkzeug - INFO -  * Detected change in 'C:\\Users\\Paurash\\Desktop\\End to End ML Project\\End-to-End-Machine-Learning-Project\\env\\Lib\\site-packages\\blinker\\base.py', reloading
[ 2023-10-11 18:24:22,245 ] 225 werkzeug - INFO -  * Detected change in 'C:\\Users\\Paurash\\Desktop\\End to End ML Project\\End-to-End-Machine-Learning-Project\\env\\Lib\\site-packages\\click\\__init__.py', reloading
[ 2023-10-11 18:24:22,245 ] 225 werkzeug - INFO -  * Detected change in 'c:\\users\\paurash\\desktop\\end to end ml project\\end-to-end-machine-learning-project\\env\\Lib\\site-packages\\click\\__init__.py', reloading
[ 2023-10-11 18:24:22,297 ] 225 werkzeug - INFO -  * Detected change in 'C:\\Users\\Paurash\\Desktop\\End to End ML Project\\End-to-End-Machine-Learning-Project\\env\\Lib\\site-packages\\click\\_compat.py', reloading
[ 2023-10-11 18:24:22,297 ] 225 werkzeug - INFO -  * Detected change in 'c:\\users\\paurash\\desktop\\end to end ml project\\end-to-end-machine-learning-project\\env\\Lib\\site-packages\\click\\_compat.py', reloading
[ 2023-10-11 18:24:22,374 ] 225 werkzeug - INFO -  * Detected change in 'C:\\Users\\Paurash\\Desktop\\End to End ML Project\\End-to-End-Machine-Learning-Project\\env\\Lib\\site-packages\\click\\_termui_impl.py', reloading
[ 2023-10-11 18:24:22,374 ] 225 werkzeug - INFO -  * Detected change in 'c:\\users\\paurash\\desktop\\end to end ml project\\end-to-end-machine-learning-project\\env\\Lib\\site-packages\\click\\_termui_impl.py', reloading
[ 2023-10-11 18:24:22,433 ] 225 werkzeug - INFO -  * Detected change in 'C:\\Users\\Paurash\\Desktop\\End to End ML Project\\End-to-End-Machine-Learning-Project\\env\\Lib\\site-packages\\click\\_textwrap.py', reloading
[ 2023-10-11 18:24:22,434 ] 225 werkzeug - INFO -  * Detected change in 'c:\\users\\paurash\\desktop\\end to end ml project\\end-to-end-machine-learning-project\\env\\Lib\\site-packages\\click\\_textwrap.py', reloading
[ 2023-10-11 18:24:22,464 ] 225 werkzeug - INFO -  * Detected change in 'C:\\Users\\Paurash\\Desktop\\End to End ML Project\\End-to-End-Machine-Learning-Project\\env\\Lib\\site-packages\\click\\_winconsole.py', reloading
[ 2023-10-11 18:24:22,465 ] 225 werkzeug - INFO -  * Detected change in 'c:\\users\\paurash\\desktop\\end to end ml project\\end-to-end-machine-learning-project\\env\\Lib\\site-packages\\click\\_winconsole.py', reloading
[ 2023-10-11 18:24:22,503 ] 225 werkzeug - INFO -  * Detected change in 'C:\\Users\\Paurash\\Desktop\\End to End ML Project\\End-to-End-Machine-Learning-Project\\env\\Lib\\site-packages\\click\\core.py', reloading
[ 2023-10-11 18:24:22,504 ] 225 werkzeug - INFO -  * Detected change in 'c:\\users\\paurash\\desktop\\end to end ml project\\end-to-end-machine-learning-project\\env\\Lib\\site-packages\\click\\core.py', reloading
[ 2023-10-11 18:24:22,647 ] 225 werkzeug - INFO -  * Detected change in 'c:\\users\\paurash\\desktop\\end to end ml project\\end-to-end-machine-learning-project\\env\\Lib\\site-packages\\click\\decorators.py', reloading
[ 2023-10-11 18:24:22,647 ] 225 werkzeug - INFO -  * Detected change in 'C:\\Users\\Paurash\\Desktop\\End to End ML Project\\End-to-End-Machine-Learning-Project\\env\\Lib\\site-packages\\click\\decorators.py', reloading
[ 2023-10-11 18:24:22,711 ] 225 werkzeug - INFO -  * Detected change in 'C:\\Users\\Paurash\\Desktop\\End to End ML Project\\End-to-End-Machine-Learning-Project\\env\\Lib\\site-packages\\click\\exceptions.py', reloading
[ 2023-10-11 18:24:22,712 ] 225 werkzeug - INFO -  * Detected change in 'c:\\users\\paurash\\desktop\\end to end ml project\\end-to-end-machine-learning-project\\env\\Lib\\site-packages\\click\\exceptions.py', reloading
[ 2023-10-11 18:24:22,742 ] 225 werkzeug - INFO -  * Detected change in 'C:\\Users\\Paurash\\Desktop\\End to End ML Project\\End-to-End-Machine-Learning-Project\\env\\Lib\\site-packages\\click\\formatting.py', reloading
[ 2023-10-11 18:24:22,743 ] 225 werkzeug - INFO -  * Detected change in 'c:\\users\\paurash\\desktop\\end to end ml project\\end-to-end-machine-learning-project\\env\\Lib\\site-packages\\click\\formatting.py', reloading
[ 2023-10-11 18:24:22,781 ] 225 werkzeug - INFO -  * Detected change in 'C:\\Users\\Paurash\\Desktop\\End to End ML Project\\End-to-End-Machine-Learning-Project\\env\\Lib\\site-packages\\click\\globals.py', reloading
[ 2023-10-11 18:24:22,781 ] 225 werkzeug - INFO -  * Detected change in 'c:\\users\\paurash\\desktop\\end to end ml project\\end-to-end-machine-learning-project\\env\\Lib\\site-packages\\click\\globals.py', reloading
[ 2023-10-11 18:24:22,806 ] 225 werkzeug - INFO -  * Detected change in 'C:\\Users\\Paurash\\Desktop\\End to End ML Project\\End-to-End-Machine-Learning-Project\\env\\Lib\\site-packages\\click\\parser.py', reloading
[ 2023-10-11 18:24:22,806 ] 225 werkzeug - INFO -  * Detected change in 'c:\\users\\paurash\\desktop\\end to end ml project\\end-to-end-machine-learning-project\\env\\Lib\\site-packages\\click\\parser.py', reloading
[ 2023-10-11 18:24:22,855 ] 225 werkzeug - INFO -  * Detected change in 'C:\\Users\\Paurash\\Desktop\\End to End ML Project\\End-to-End-Machine-Learning-Project\\env\\Lib\\site-packages\\click\\shell_completion.py', reloading
[ 2023-10-11 18:24:22,855 ] 225 werkzeug - INFO -  * Detected change in 'c:\\users\\paurash\\desktop\\end to end ml project\\end-to-end-machine-learning-project\\env\\Lib\\site-packages\\click\\shell_completion.py', reloading
[ 2023-10-11 18:24:22,906 ] 225 werkzeug - INFO -  * Detected change in 'c:\\users\\paurash\\desktop\\end to end ml project\\end-to-end-machine-learning-project\\env\\Lib\\site-packages\\click\\termui.py', reloading
[ 2023-10-11 18:24:22,906 ] 225 werkzeug - INFO -  * Detected change in 'C:\\Users\\Paurash\\Desktop\\End to End ML Project\\End-to-End-Machine-Learning-Project\\env\\Lib\\site-packages\\click\\termui.py', reloading
[ 2023-10-11 18:24:22,974 ] 225 werkzeug - INFO -  * Detected change in 'C:\\Users\\Paurash\\Desktop\\End to End ML Project\\End-to-End-Machine-Learning-Project\\env\\Lib\\site-packages\\click\\testing.py', reloading
[ 2023-10-11 18:24:22,975 ] 225 werkzeug - INFO -  * Detected change in 'c:\\users\\paurash\\desktop\\end to end ml project\\end-to-end-machine-learning-project\\env\\Lib\\site-packages\\click\\testing.py', reloading
[ 2023-10-11 18:24:23,021 ] 225 werkzeug - INFO -  * Detected change in 'C:\\Users\\Paurash\\Desktop\\End to End ML Project\\End-to-End-Machine-Learning-Project\\env\\Lib\\site-packages\\click\\types.py', reloading
[ 2023-10-11 18:24:23,022 ] 225 werkzeug - INFO -  * Detected change in 'c:\\users\\paurash\\desktop\\end to end ml project\\end-to-end-machine-learning-project\\env\\Lib\\site-packages\\click\\types.py', reloading
