[ 2023-10-11 18:24:25,853 ] 157 numexpr.utils - INFO - NumExpr defaulting to 8 threads.
[ 2023-10-11 18:24:29,065 ] 225 werkzeug - WARNING -  * Debugger is active!
[ 2023-10-11 18:24:29,065 ] 225 werkzeug - INFO -  * Debugger PIN: 144-909-291
[ 2023-10-11 18:24:29,248 ] 225 werkzeug - WARNING -  * Running on all addresses.
   WARNING: This is a development server. Do not use it in a production deployment.
[ 2023-10-11 18:24:29,249 ] 225 werkzeug - INFO -  * Running on http://192.168.1.65:5000/ (Press CTRL+C to quit)
[ 2023-10-11 18:24:29,315 ] 225 werkzeug - INFO -  * Detected change in 'C:\\Users\\Paurash\\Desktop\\End to End ML Project\\End-to-End-Machine-Learning-Project\\env\\Lib\\site-packages\\fontTools\\misc\\filenames.py', reloading
[ 2023-10-11 18:24:29,317 ] 225 werkzeug - INFO -  * Detected change in 'c:\\users\\paurash\\desktop\\end to end ml project\\end-to-end-machine-learning-project\\env\\Lib\\site-packages\\fontTools\\misc\\filenames.py', reloading
[ 2023-10-11 18:24:29,342 ] 225 werkzeug - INFO -  * Detected change in 'C:\\Users\\Paurash\\Desktop\\End to End ML Project\\End-to-End-Machine-Learning-Project\\env\\Lib\\site-packages\\fontTools\\misc\\fixedTools.py', reloading
[ 2023-10-11 18:24:29,343 ] 225 werkzeug - INFO -  * Detected change in 'c:\\users\\paurash\\desktop\\end to end ml project\\end-to-end-machine-learning-project\\env\\Lib\\site-packages\\fontTools\\misc\\fixedTools.py', reloading
[ 2023-10-11 18:24:29,369 ] 225 werkzeug - INFO -  * Detected change in 'c:\\users\\paurash\\desktop\\end to end ml project\\end-to-end-machine-learning-project\\env\\Lib\\site-packages\\fontTools\\misc\\intTools.py', reloading
[ 2023-10-11 18:24:29,370 ] 225 werkzeug - INFO -  * Detected change in 'C:\\Users\\Paurash\\Desktop\\End to End ML Project\\End-to-End-Machine-Learning-Project\\env\\Lib\\site-packages\\fontTools\\misc\\intTools.py', reloading
[ 2023-10-11 18:24:29,392 ] 225 werkzeug - INFO -  * Detected change in 'c:\\users\\paurash\\desktop\\end to end ml project\\end-to-end-machine-learning-project\\env\\Lib\\site-packages\\fontTools\\misc\\loggingTools.py', reloading
[ 2023-10-11 18:24:29,392 ] 225 werkzeug - INFO -  * Detected change in 'C:\\Users\\Paurash\\Desktop\\End to End ML Project\\End-to-End-Machine-Learning-Project\\env\\Lib\\site-packages\\fontTools\\misc\\loggingTools.py', reloading
[ 2023-10-11 18:24:29,439 ] 225 werkzeug - INFO -  * Detected change in 'c:\\users\\paurash\\desktop\\end to end ml project\\end-to-end-machine-learning-project\\env\\Lib\\site-packages\\fontTools\\misc\\macCreatorType.py', reloading
[ 2023-10-11 18:24:29,440 ] 225 werkzeug - INFO -  * Detected change in 'C:\\Users\\Paurash\\Desktop\\End to End ML Project\\End-to-End-Machine-Learning-Project\\env\\Lib\\site-packages\\fontTools\\misc\\macCreatorType.py', reloading
[ 2023-10-11 18:24:29,462 ] 225 werkzeug - INFO -  * Detected change in 'C:\\Users\\Paurash\\Desktop\\End to End ML Project\\End-to-End-Machine-Learning-Project\\env\\Lib\\site-packages\\fontTools\\misc\\macRes.py', reloading
[ 2023-10-11 18:24:29,463 ] 225 werkzeug - INFO -  * Detected change in 'c:\\users\\paurash\\desktop\\end to end ml project\\end-to-end-machine-learning-project\\env\\Lib\\site-packages\\fontTools\\misc\\macRes.py', reloading
[ 2023-10-11 18:24:29,495 ] 225 werkzeug - INFO -  * Detected change in 'C:\\Users\\Paurash\\Desktop\\End to End ML Project\\End-to-End-Machine-Learning-Project\\env\\Lib\\site-packages\\fontTools\\misc\\psCharStrings.py', reloading
[ 2023-10-11 18:24:29,496 ] 225 werkzeug - INFO -  * Detected change in 'c:\\users\\paurash\\desktop\\end to end ml project\\end-to-end-machine-learning-project\\env\\Lib\\site-packages\\fontTools\\misc\\psCharStrings.py', reloading
[ 2023-10-11 18:24:29,598 ] 225 werkzeug - INFO -  * Detected change in 'c:\\users\\paurash\\desktop\\end to end ml project\\end-to-end-machine-learning-project\\env\\Lib\\site-packages\\fontTools\\misc\\psLib.py', reloading
[ 2023-10-11 18:24:29,599 ] 225 werkzeug - INFO -  * Detected change in 'C:\\Users\\Paurash\\Desktop\\End to End ML Project\\End-to-End-Machine-Learning-Project\\env\\Lib\\site-packages\\fontTools\\misc\\psLib.py', reloading
[ 2023-10-11 18:24:29,640 ] 225 werkzeug - INFO -  * Detected change in 'c:\\users\\paurash\\desktop\\end to end ml project\\end-to-end-machine-learning-project\\env\\Lib\\site-packages\\fontTools\\misc\\psOperators.py', reloading
[ 2023-10-11 18:24:29,641 ] 225 werkzeug - INFO -  * Detected change in 'C:\\Users\\Paurash\\Desktop\\End to End ML Project\\End-to-End-Machine-Learning-Project\\env\\Lib\\site-packages\\fontTools\\misc\\psOperators.py', reloading
[ 2023-10-11 18:24:29,682 ] 225 werkzeug - INFO -  * Detected change in 'c:\\users\\paurash\\desktop\\end to end ml project\\end-to-end-machine-learning-project\\env\\Lib\\site-packages\\fontTools\\misc\\py23.py', reloading
[ 2023-10-11 18:24:29,683 ] 225 werkzeug - INFO -  * Detected change in 'C:\\Users\\Paurash\\Desktop\\End to End ML Project\\End-to-End-Machine-Learning-Project\\env\\Lib\\site-packages\\fontTools\\misc\\py23.py', reloading
[ 2023-10-11 18:24:29,705 ] 225 werkzeug - INFO -  * Detected change in 'C:\\Users\\Paurash\\Desktop\\End to End ML Project\\End-to-End-Machine-Learning-Project\\env\\Lib\\site-packages\\fontTools\\misc\\roundTools.py', reloading
[ 2023-10-11 18:24:29,705 ] 225 werkzeug - INFO -  * Detected change in 'c:\\users\\paurash\\desktop\\end to end ml project\\end-to-end-machine-learning-project\\env\\Lib\\site-packages\\fontTools\\misc\\roundTools.py', reloading
[ 2023-10-11 18:24:29,735 ] 225 werkzeug - INFO -  * Detected change in 'c:\\users\\paurash\\desktop\\end to end ml project\\end-to-end-machine-learning-project\\env\\Lib\\site-packages\\fontTools\\misc\\sstruct.py', reloading
[ 2023-10-11 18:24:29,737 ] 225 werkzeug - INFO -  * Detected change in 'C:\\Users\\Paurash\\Desktop\\End to End ML Project\\End-to-End-Machine-Learning-Project\\env\\Lib\\site-packages\\fontTools\\misc\\sstruct.py', reloading
[ 2023-10-11 18:24:29,764 ] 225 werkzeug - INFO -  * Detected change in 'c:\\users\\paurash\\desktop\\end to end ml project\\end-to-end-machine-learning-project\\env\\Lib\\site-packages\\fontTools\\misc\\symfont.py', reloading
[ 2023-10-11 18:24:29,765 ] 225 werkzeug - INFO -  * Detected change in 'C:\\Users\\Paurash\\Desktop\\End to End ML Project\\End-to-End-Machine-Learning-Project\\env\\Lib\\site-packages\\fontTools\\misc\\symfont.py', reloading
[ 2023-10-11 18:24:29,810 ] 225 werkzeug - INFO -  * Detected change in 'c:\\users\\paurash\\desktop\\end to end ml project\\end-to-end-machine-learning-project\\env\\Lib\\site-packages\\fontTools\\misc\\testTools.py', reloading
[ 2023-10-11 18:24:29,811 ] 225 werkzeug - INFO -  * Detected change in 'C:\\Users\\Paurash\\Desktop\\End to End ML Project\\End-to-End-Machine-Learning-Project\\env\\Lib\\site-packages\\fontTools\\misc\\testTools.py', reloading
[ 2023-10-11 18:24:29,855 ] 225 werkzeug - INFO -  * Detected change in 'c:\\users\\paurash\\desktop\\end to end ml project\\end-to-end-machine-learning-project\\env\\Lib\\site-packages\\fontTools\\misc\\textTools.py', reloading
[ 2023-10-11 18:24:29,857 ] 225 werkzeug - INFO -  * Detected change in 'C:\\Users\\Paurash\\Desktop\\End to End ML Project\\End-to-End-Machine-Learning-Project\\env\\Lib\\site-packages\\fontTools\\misc\\textTools.py', reloading
[ 2023-10-11 18:24:29,897 ] 225 werkzeug - INFO -  * Detected change in 'c:\\users\\paurash\\desktop\\end to end ml project\\end-to-end-machine-learning-project\\env\\Lib\\site-packages\\fontTools\\misc\\timeTools.py', reloading
[ 2023-10-11 18:24:29,898 ] 225 werkzeug - INFO -  * Detected change in 'C:\\Users\\Paurash\\Desktop\\End to End ML Project\\End-to-End-Machine-Learning-Project\\env\\Lib\\site-packages\\fontTools\\misc\\timeTools.py', reloading
[ 2023-10-11 18:24:29,929 ] 225 werkzeug - INFO -  * Detected change in 'c:\\users\\paurash\\desktop\\end to end ml project\\end-to-end-machine-learning-project\\env\\Lib\\site-packages\\fontTools\\misc\\transform.py', reloading
[ 2023-10-11 18:24:29,929 ] 225 werkzeug - INFO -  * Detected change in 'C:\\Users\\Paurash\\Desktop\\End to End ML Project\\End-to-End-Machine-Learning-Project\\env\\Lib\\site-packages\\fontTools\\misc\\transform.py', reloading
[ 2023-10-11 18:24:29,977 ] 225 werkzeug - INFO -  * Detected change in 'c:\\users\\paurash\\desktop\\end to end ml project\\end-to-end-machine-learning-project\\env\\Lib\\site-packages\\fontTools\\misc\\treeTools.py', reloading
[ 2023-10-11 18:24:29,978 ] 225 werkzeug - INFO -  * Detected change in 'C:\\Users\\Paurash\\Desktop\\End to End ML Project\\End-to-End-Machine-Learning-Project\\env\\Lib\\site-packages\\fontTools\\misc\\treeTools.py', reloading
[ 2023-10-11 18:24:30,003 ] 225 werkzeug - INFO -  * Detected change in 'c:\\users\\paurash\\desktop\\end to end ml project\\end-to-end-machine-learning-project\\env\\Lib\\site-packages\\fontTools\\misc\\vector.py', reloading
[ 2023-10-11 18:24:30,004 ] 225 werkzeug - INFO -  * Detected change in 'C:\\Users\\Paurash\\Desktop\\End to End ML Project\\End-to-End-Machine-Learning-Project\\env\\Lib\\site-packages\\fontTools\\misc\\vector.py', reloading
[ 2023-10-11 18:24:30,039 ] 225 werkzeug - INFO -  * Detected change in 'c:\\users\\paurash\\desktop\\end to end ml project\\end-to-end-machine-learning-project\\env\\Lib\\site-packages\\fontTools\\misc\\visitor.py', reloading
[ 2023-10-11 18:24:30,039 ] 225 werkzeug - INFO -  * Detected change in 'C:\\Users\\Paurash\\Desktop\\End to End ML Project\\End-to-End-Machine-Learning-Project\\env\\Lib\\site-packages\\fontTools\\misc\\visitor.py', reloading
[ 2023-10-11 18:24:30,075 ] 225 werkzeug - INFO -  * Detected change in 'c:\\users\\paurash\\desktop\\end to end ml project\\end-to-end-machine-learning-project\\env\\Lib\\site-packages\\fontTools\\misc\\xmlReader.py', reloading
[ 2023-10-11 18:24:30,075 ] 225 werkzeug - INFO -  * Detected change in 'C:\\Users\\Paurash\\Desktop\\End to End ML Project\\End-to-End-Machine-Learning-Project\\env\\Lib\\site-packages\\fontTools\\misc\\xmlReader.py', reloading
[ 2023-10-11 18:24:30,117 ] 225 werkzeug - INFO -  * Detected change in 'c:\\users\\paurash\\desktop\\end to end ml project\\end-to-end-machine-learning-project\\env\\Lib\\site-packages\\fontTools\\misc\\xmlWriter.py', reloading
[ 2023-10-11 18:24:30,118 ] 225 werkzeug - INFO -  * Detected change in 'C:\\Users\\Paurash\\Desktop\\End to End ML Project\\End-to-End-Machine-Learning-Project\\env\\Lib\\site-packages\\fontTools\\misc\\xmlWriter.py', reloading
[ 2023-10-11 18:24:30,159 ] 225 werkzeug - INFO -  * Detected change in 'C:\\Users\\Paurash\\Desktop\\End to End ML Project\\End-to-End-Machine-Learning-Project\\env\\Lib\\site-packages\\fontTools\\misc\\plistlib\\__init__.py', reloading
[ 2023-10-11 18:24:30,162 ] 225 werkzeug - INFO -  * Detected change in 'c:\\users\\paurash\\desktop\\end to end ml project\\end-to-end-machine-learning-project\\env\\Lib\\site-packages\\fontTools\\misc\\plistlib\\__init__.py', reloading
[ 2023-10-11 18:24:30,226 ] 225 werkzeug - INFO -  * Detected change in 'c:\\users\\paurash\\desktop\\end to end ml project\\end-to-end-machine-learning-project\\env\\Lib\\site-packages\\fontTools\\mtiLib\\__init__.py', reloading
[ 2023-10-11 18:24:30,227 ] 225 werkzeug - INFO -  * Detected change in 'C:\\Users\\Paurash\\Desktop\\End to End ML Project\\End-to-End-Machine-Learning-Project\\env\\Lib\\site-packages\\fontTools\\mtiLib\\__init__.py', reloading
[ 2023-10-11 18:24:30,339 ] 225 werkzeug - INFO -  * Detected change in 'C:\\Users\\Paurash\\Desktop\\End to End ML Project\\End-to-End-Machine-Learning-Project\\env\\Lib\\site-packages\\fontTools\\mtiLib\\__main__.py', reloading
[ 2023-10-11 18:24:30,340 ] 225 werkzeug - INFO -  * Detected change in 'c:\\users\\paurash\\desktop\\end to end ml project\\end-to-end-machine-learning-project\\env\\Lib\\site-packages\\fontTools\\mtiLib\\__main__.py', reloading
[ 2023-10-11 18:24:30,357 ] 225 werkzeug - INFO -  * Detected change in 'C:\\Users\\Paurash\\Desktop\\End to End ML Project\\End-to-End-Machine-Learning-Project\\env\\Lib\\site-packages\\fontTools\\otlLib\\__init__.py', reloading
[ 2023-10-11 18:24:30,358 ] 225 werkzeug - INFO -  * Detected change in 'c:\\users\\paurash\\desktop\\end to end ml project\\end-to-end-machine-learning-project\\env\\Lib\\site-packages\\fontTools\\otlLib\\__init__.py', reloading
