[ 2023-10-11 18:24:54,872 ] 157 numexpr.utils - INFO - NumExpr defaulting to 8 threads.
[ 2023-10-11 18:24:58,581 ] 225 werkzeug - WARNING -  * Debugger is active!
[ 2023-10-11 18:24:58,588 ] 225 werkzeug - INFO -  * Debugger PIN: 144-909-291
[ 2023-10-11 18:24:58,808 ] 225 werkzeug - INFO -  * Detected change in 'c:\\users\\paurash\\desktop\\end to end ml project\\end-to-end-machine-learning-project\\env\\Lib\\site-packages\\numpy\\core\\_exceptions.py', reloading
[ 2023-10-11 18:24:58,809 ] 225 werkzeug - INFO -  * Detected change in 'C:\\Users\\Paurash\\Desktop\\End to End ML Project\\End-to-End-Machine-Learning-Project\\env\\Lib\\site-packages\\numpy\\core\\_exceptions.py', reloading
[ 2023-10-11 18:24:58,816 ] 225 werkzeug - WARNING -  * Running on all addresses.
   WARNING: This is a development server. Do not use it in a production deployment.
[ 2023-10-11 18:24:58,816 ] 225 werkzeug - INFO -  * Running on http://192.168.1.65:5000/ (Press CTRL+C to quit)
[ 2023-10-11 18:24:58,848 ] 225 werkzeug - INFO -  * Detected change in 'C:\\Users\\Paurash\\Desktop\\End to End ML Project\\End-to-End-Machine-Learning-Project\\env\\Lib\\site-packages\\numpy\\core\\_internal.py', reloading
[ 2023-10-11 18:24:58,848 ] 225 werkzeug - INFO -  * Detected change in 'c:\\users\\paurash\\desktop\\end to end ml project\\end-to-end-machine-learning-project\\env\\Lib\\site-packages\\numpy\\core\\_internal.py', reloading
[ 2023-10-11 18:24:58,945 ] 225 werkzeug - INFO -  * Detected change in 'c:\\users\\paurash\\desktop\\end to end ml project\\end-to-end-machine-learning-project\\env\\Lib\\site-packages\\numpy\\core\\_methods.py', reloading
[ 2023-10-11 18:24:58,946 ] 225 werkzeug - INFO -  * Detected change in 'C:\\Users\\Paurash\\Desktop\\End to End ML Project\\End-to-End-Machine-Learning-Project\\env\\Lib\\site-packages\\numpy\\core\\_methods.py', reloading
[ 2023-10-11 18:24:58,993 ] 225 werkzeug - INFO -  * Detected change in 'c:\\users\\paurash\\desktop\\end to end ml project\\end-to-end-machine-learning-project\\env\\Lib\\site-packages\\numpy\\core\\_string_helpers.py', reloading
[ 2023-10-11 18:24:58,995 ] 225 werkzeug - INFO -  * Detected change in 'C:\\Users\\Paurash\\Desktop\\End to End ML Project\\End-to-End-Machine-Learning-Project\\env\\Lib\\site-packages\\numpy\\core\\_string_helpers.py', reloading
[ 2023-10-11 18:24:59,020 ] 225 werkzeug - INFO -  * Detected change in 'c:\\users\\paurash\\desktop\\end to end ml project\\end-to-end-machine-learning-project\\env\\Lib\\site-packages\\numpy\\core\\_type_aliases.py', reloading
[ 2023-10-11 18:24:59,021 ] 225 werkzeug - INFO -  * Detected change in 'C:\\Users\\Paurash\\Desktop\\End to End ML Project\\End-to-End-Machine-Learning-Project\\env\\Lib\\site-packages\\numpy\\core\\_type_aliases.py', reloading
[ 2023-10-11 18:24:59,086 ] 225 werkzeug - INFO -  * Detected change in 'c:\\users\\paurash\\desktop\\end to end ml project\\end-to-end-machine-learning-project\\env\\Lib\\site-packages\\numpy\\core\\_ufunc_config.py', reloading
[ 2023-10-11 18:24:59,086 ] 225 werkzeug - INFO -  * Detected change in 'C:\\Users\\Paurash\\Desktop\\End to End ML Project\\End-to-End-Machine-Learning-Project\\env\\Lib\\site-packages\\numpy\\core\\_ufunc_config.py', reloading
[ 2023-10-11 18:24:59,166 ] 225 werkzeug - INFO -  * Detected change in 'c:\\users\\paurash\\desktop\\end to end ml project\\end-to-end-machine-learning-project\\env\\Lib\\site-packages\\numpy\\core\\arrayprint.py', reloading
[ 2023-10-11 18:24:59,167 ] 225 werkzeug - INFO -  * Detected change in 'C:\\Users\\Paurash\\Desktop\\End to End ML Project\\End-to-End-Machine-Learning-Project\\env\\Lib\\site-packages\\numpy\\core\\arrayprint.py', reloading
[ 2023-10-11 18:24:59,305 ] 225 werkzeug - INFO -  * Detected change in 'c:\\users\\paurash\\desktop\\end to end ml project\\end-to-end-machine-learning-project\\env\\Lib\\site-packages\\numpy\\core\\cversions.py', reloading
[ 2023-10-11 18:24:59,306 ] 225 werkzeug - INFO -  * Detected change in 'C:\\Users\\Paurash\\Desktop\\End to End ML Project\\End-to-End-Machine-Learning-Project\\env\\Lib\\site-packages\\numpy\\core\\cversions.py', reloading
[ 2023-10-11 18:24:59,358 ] 225 werkzeug - INFO -  * Detected change in 'c:\\users\\paurash\\desktop\\end to end ml project\\end-to-end-machine-learning-project\\env\\Lib\\site-packages\\numpy\\core\\defchararray.py', reloading
[ 2023-10-11 18:24:59,359 ] 225 werkzeug - INFO -  * Detected change in 'C:\\Users\\Paurash\\Desktop\\End to End ML Project\\End-to-End-Machine-Learning-Project\\env\\Lib\\site-packages\\numpy\\core\\defchararray.py', reloading
[ 2023-10-11 18:24:59,506 ] 225 werkzeug - INFO -  * Detected change in 'c:\\users\\paurash\\desktop\\end to end ml project\\end-to-end-machine-learning-project\\env\\Lib\\site-packages\\numpy\\core\\einsumfunc.py', reloading
[ 2023-10-11 18:24:59,506 ] 225 werkzeug - INFO -  * Detected change in 'C:\\Users\\Paurash\\Desktop\\End to End ML Project\\End-to-End-Machine-Learning-Project\\env\\Lib\\site-packages\\numpy\\core\\einsumfunc.py', reloading
[ 2023-10-11 18:24:59,600 ] 225 werkzeug - INFO -  * Detected change in 'C:\\Users\\Paurash\\Desktop\\End to End ML Project\\End-to-End-Machine-Learning-Project\\env\\Lib\\site-packages\\numpy\\core\\fromnumeric.py', reloading
[ 2023-10-11 18:24:59,601 ] 225 werkzeug - INFO -  * Detected change in 'c:\\users\\paurash\\desktop\\end to end ml project\\end-to-end-machine-learning-project\\env\\Lib\\site-packages\\numpy\\core\\fromnumeric.py', reloading
[ 2023-10-11 18:24:59,711 ] 225 werkzeug - INFO -  * Detected change in 'c:\\users\\paurash\\desktop\\end to end ml project\\end-to-end-machine-learning-project\\env\\Lib\\site-packages\\numpy\\core\\function_base.py', reloading
[ 2023-10-11 18:24:59,711 ] 225 werkzeug - INFO -  * Detected change in 'C:\\Users\\Paurash\\Desktop\\End to End ML Project\\End-to-End-Machine-Learning-Project\\env\\Lib\\site-packages\\numpy\\core\\function_base.py', reloading
[ 2023-10-11 18:24:59,762 ] 225 werkzeug - INFO -  * Detected change in 'c:\\users\\paurash\\desktop\\end to end ml project\\end-to-end-machine-learning-project\\env\\Lib\\site-packages\\numpy\\core\\generate_numpy_api.py', reloading
[ 2023-10-11 18:24:59,762 ] 225 werkzeug - INFO -  * Detected change in 'C:\\Users\\Paurash\\Desktop\\End to End ML Project\\End-to-End-Machine-Learning-Project\\env\\Lib\\site-packages\\numpy\\core\\generate_numpy_api.py', reloading
[ 2023-10-11 18:24:59,808 ] 225 werkzeug - INFO -  * Detected change in 'c:\\users\\paurash\\desktop\\end to end ml project\\end-to-end-machine-learning-project\\env\\Lib\\site-packages\\numpy\\core\\getlimits.py', reloading
[ 2023-10-11 18:24:59,808 ] 225 werkzeug - INFO -  * Detected change in 'C:\\Users\\Paurash\\Desktop\\End to End ML Project\\End-to-End-Machine-Learning-Project\\env\\Lib\\site-packages\\numpy\\core\\getlimits.py', reloading
[ 2023-10-11 18:24:59,891 ] 225 werkzeug - INFO -  * Detected change in 'C:\\Users\\Paurash\\Desktop\\End to End ML Project\\End-to-End-Machine-Learning-Project\\env\\Lib\\site-packages\\numpy\\core\\memmap.py', reloading
[ 2023-10-11 18:24:59,892 ] 225 werkzeug - INFO -  * Detected change in 'c:\\users\\paurash\\desktop\\end to end ml project\\end-to-end-machine-learning-project\\env\\Lib\\site-packages\\numpy\\core\\memmap.py', reloading
[ 2023-10-11 18:24:59,928 ] 225 werkzeug - INFO -  * Detected change in 'c:\\users\\paurash\\desktop\\end to end ml project\\end-to-end-machine-learning-project\\env\\Lib\\site-packages\\numpy\\core\\multiarray.py', reloading
[ 2023-10-11 18:24:59,928 ] 225 werkzeug - INFO -  * Detected change in 'C:\\Users\\Paurash\\Desktop\\End to End ML Project\\End-to-End-Machine-Learning-Project\\env\\Lib\\site-packages\\numpy\\core\\multiarray.py', reloading
