[ 2023-10-11 18:24:33,014 ] 157 numexpr.utils - INFO - NumExpr defaulting to 8 threads.
[ 2023-10-11 18:24:36,563 ] 225 werkzeug - WARNING -  * Debugger is active!
[ 2023-10-11 18:24:36,573 ] 225 werkzeug - INFO -  * Debugger PIN: 144-909-291
[ 2023-10-11 18:24:36,692 ] 225 werkzeug - WARNING -  * Running on all addresses.
   WARNING: This is a development server. Do not use it in a production deployment.
[ 2023-10-11 18:24:36,694 ] 225 werkzeug - INFO -  * Running on http://192.168.1.65:5000/ (Press CTRL+C to quit)
[ 2023-10-11 18:24:36,728 ] 225 werkzeug - INFO -  * Detected change in 'c:\\users\\paurash\\desktop\\end to end ml project\\end-to-end-machine-learning-project\\env\\Lib\\site-packages\\fontTools\\varLib\\models.py', reloading
[ 2023-10-11 18:24:36,729 ] 225 werkzeug - INFO -  * Detected change in 'C:\\Users\\Paurash\\Desktop\\End to End ML Project\\End-to-End-Machine-Learning-Project\\env\\Lib\\site-packages\\fontTools\\varLib\\models.py', reloading
[ 2023-10-11 18:24:36,754 ] 225 werkzeug - INFO -  * Detected change in 'c:\\users\\paurash\\desktop\\end to end ml project\\end-to-end-machine-learning-project\\env\\Lib\\site-packages\\fontTools\\varLib\\mutator.py', reloading
[ 2023-10-11 18:24:36,755 ] 225 werkzeug - INFO -  * Detected change in 'C:\\Users\\Paurash\\Desktop\\End to End ML Project\\End-to-End-Machine-Learning-Project\\env\\Lib\\site-packages\\fontTools\\varLib\\mutator.py', reloading
[ 2023-10-11 18:24:36,782 ] 225 werkzeug - INFO -  * Detected change in 'c:\\users\\paurash\\desktop\\end to end ml project\\end-to-end-machine-learning-project\\env\\Lib\\site-packages\\fontTools\\varLib\\mvar.py', reloading
[ 2023-10-11 18:24:36,783 ] 225 werkzeug - INFO -  * Detected change in 'C:\\Users\\Paurash\\Desktop\\End to End ML Project\\End-to-End-Machine-Learning-Project\\env\\Lib\\site-packages\\fontTools\\varLib\\mvar.py', reloading
[ 2023-10-11 18:24:36,794 ] 225 werkzeug - INFO -  * Detected change in 'c:\\users\\paurash\\desktop\\end to end ml project\\end-to-end-machine-learning-project\\env\\Lib\\site-packages\\fontTools\\varLib\\plot.py', reloading
[ 2023-10-11 18:24:36,795 ] 225 werkzeug - INFO -  * Detected change in 'C:\\Users\\Paurash\\Desktop\\End to End ML Project\\End-to-End-Machine-Learning-Project\\env\\Lib\\site-packages\\fontTools\\varLib\\plot.py', reloading
[ 2023-10-11 18:24:36,819 ] 225 werkzeug - INFO -  * Detected change in 'c:\\users\\paurash\\desktop\\end to end ml project\\end-to-end-machine-learning-project\\env\\Lib\\site-packages\\fontTools\\varLib\\stat.py', reloading
[ 2023-10-11 18:24:36,820 ] 225 werkzeug - INFO -  * Detected change in 'C:\\Users\\Paurash\\Desktop\\End to End ML Project\\End-to-End-Machine-Learning-Project\\env\\Lib\\site-packages\\fontTools\\varLib\\stat.py', reloading
[ 2023-10-11 18:24:36,834 ] 225 werkzeug - INFO -  * Detected change in 'c:\\users\\paurash\\desktop\\end to end ml project\\end-to-end-machine-learning-project\\env\\Lib\\site-packages\\fontTools\\varLib\\varStore.py', reloading
[ 2023-10-11 18:24:36,834 ] 225 werkzeug - INFO -  * Detected change in 'C:\\Users\\Paurash\\Desktop\\End to End ML Project\\End-to-End-Machine-Learning-Project\\env\\Lib\\site-packages\\fontTools\\varLib\\varStore.py', reloading
[ 2023-10-11 18:24:36,875 ] 225 werkzeug - INFO -  * Detected change in 'C:\\Users\\Paurash\\Desktop\\End to End ML Project\\End-to-End-Machine-Learning-Project\\env\\Lib\\site-packages\\fontTools\\varLib\\instancer\\__init__.py', reloading
[ 2023-10-11 18:24:36,876 ] 225 werkzeug - INFO -  * Detected change in 'c:\\users\\paurash\\desktop\\end to end ml project\\end-to-end-machine-learning-project\\env\\Lib\\site-packages\\fontTools\\varLib\\instancer\\__init__.py', reloading
[ 2023-10-11 18:24:36,964 ] 225 werkzeug - INFO -  * Detected change in 'C:\\Users\\Paurash\\Desktop\\End to End ML Project\\End-to-End-Machine-Learning-Project\\env\\Lib\\site-packages\\fontTools\\varLib\\instancer\\__main__.py', reloading
[ 2023-10-11 18:24:36,966 ] 225 werkzeug - INFO -  * Detected change in 'c:\\users\\paurash\\desktop\\end to end ml project\\end-to-end-machine-learning-project\\env\\Lib\\site-packages\\fontTools\\varLib\\instancer\\__main__.py', reloading
[ 2023-10-11 18:24:36,995 ] 225 werkzeug - INFO -  * Detected change in 'c:\\users\\paurash\\desktop\\end to end ml project\\end-to-end-machine-learning-project\\env\\Lib\\site-packages\\fontTools\\varLib\\instancer\\featureVars.py', reloading
[ 2023-10-11 18:24:36,996 ] 225 werkzeug - INFO -  * Detected change in 'C:\\Users\\Paurash\\Desktop\\End to End ML Project\\End-to-End-Machine-Learning-Project\\env\\Lib\\site-packages\\fontTools\\varLib\\instancer\\featureVars.py', reloading
[ 2023-10-11 18:24:37,035 ] 225 werkzeug - INFO -  * Detected change in 'c:\\users\\paurash\\desktop\\end to end ml project\\end-to-end-machine-learning-project\\env\\Lib\\site-packages\\fontTools\\varLib\\instancer\\names.py', reloading
[ 2023-10-11 18:24:37,036 ] 225 werkzeug - INFO -  * Detected change in 'C:\\Users\\Paurash\\Desktop\\End to End ML Project\\End-to-End-Machine-Learning-Project\\env\\Lib\\site-packages\\fontTools\\varLib\\instancer\\names.py', reloading
[ 2023-10-11 18:24:37,097 ] 225 werkzeug - INFO -  * Detected change in 'C:\\Users\\Paurash\\Desktop\\End to End ML Project\\End-to-End-Machine-Learning-Project\\env\\Lib\\site-packages\\fontTools\\varLib\\instancer\\solver.py', reloading
[ 2023-10-11 18:24:37,098 ] 225 werkzeug - INFO -  * Detected change in 'c:\\users\\paurash\\desktop\\end to end ml project\\end-to-end-machine-learning-project\\env\\Lib\\site-packages\\fontTools\\varLib\\instancer\\solver.py', reloading
[ 2023-10-11 18:24:37,137 ] 225 werkzeug - INFO -  * Detected change in 'c:\\users\\paurash\\desktop\\end to end ml project\\end-to-end-machine-learning-project\\env\\Lib\\site-packages\\fontTools\\voltLib\\__init__.py', reloading
[ 2023-10-11 18:24:37,138 ] 225 werkzeug - INFO -  * Detected change in 'C:\\Users\\Paurash\\Desktop\\End to End ML Project\\End-to-End-Machine-Learning-Project\\env\\Lib\\site-packages\\fontTools\\voltLib\\__init__.py', reloading
[ 2023-10-11 18:24:37,181 ] 225 werkzeug - INFO -  * Detected change in 'c:\\users\\paurash\\desktop\\end to end ml project\\end-to-end-machine-learning-project\\env\\Lib\\site-packages\\fontTools\\voltLib\\ast.py', reloading
[ 2023-10-11 18:24:37,182 ] 225 werkzeug - INFO -  * Detected change in 'C:\\Users\\Paurash\\Desktop\\End to End ML Project\\End-to-End-Machine-Learning-Project\\env\\Lib\\site-packages\\fontTools\\voltLib\\ast.py', reloading
[ 2023-10-11 18:24:37,250 ] 225 werkzeug - INFO -  * Detected change in 'c:\\users\\paurash\\desktop\\end to end ml project\\end-to-end-machine-learning-project\\env\\Lib\\site-packages\\fontTools\\voltLib\\error.py', reloading
[ 2023-10-11 18:24:37,251 ] 225 werkzeug - INFO -  * Detected change in 'C:\\Users\\Paurash\\Desktop\\End to End ML Project\\End-to-End-Machine-Learning-Project\\env\\Lib\\site-packages\\fontTools\\voltLib\\error.py', reloading
[ 2023-10-11 18:24:37,271 ] 225 werkzeug - INFO -  * Detected change in 'C:\\Users\\Paurash\\Desktop\\End to End ML Project\\End-to-End-Machine-Learning-Project\\env\\Lib\\site-packages\\fontTools\\voltLib\\lexer.py', reloading
[ 2023-10-11 18:24:37,272 ] 225 werkzeug - INFO -  * Detected change in 'c:\\users\\paurash\\desktop\\end to end ml project\\end-to-end-machine-learning-project\\env\\Lib\\site-packages\\fontTools\\voltLib\\lexer.py', reloading
[ 2023-10-11 18:24:37,293 ] 225 werkzeug - INFO -  * Detected change in 'C:\\Users\\Paurash\\Desktop\\End to End ML Project\\End-to-End-Machine-Learning-Project\\env\\Lib\\site-packages\\fontTools\\voltLib\\parser.py', reloading
[ 2023-10-11 18:24:37,293 ] 225 werkzeug - INFO -  * Detected change in 'c:\\users\\paurash\\desktop\\end to end ml project\\end-to-end-machine-learning-project\\env\\Lib\\site-packages\\fontTools\\voltLib\\parser.py', reloading
[ 2023-10-11 18:24:37,342 ] 225 werkzeug - INFO -  * Detected change in 'c:\\users\\paurash\\desktop\\end to end ml project\\end-to-end-machine-learning-project\\env\\Lib\\site-packages\\importlib_metadata\\__init__.py', reloading
[ 2023-10-11 18:24:37,343 ] 225 werkzeug - INFO -  * Detected change in 'C:\\Users\\Paurash\\Desktop\\End to End ML Project\\End-to-End-Machine-Learning-Project\\env\\Lib\\site-packages\\importlib_metadata\\__init__.py', reloading
[ 2023-10-11 18:24:37,406 ] 225 werkzeug - INFO -  * Detected change in 'c:\\users\\paurash\\desktop\\end to end ml project\\end-to-end-machine-learning-project\\env\\Lib\\site-packages\\importlib_metadata\\_adapters.py', reloading
[ 2023-10-11 18:24:37,406 ] 225 werkzeug - INFO -  * Detected change in 'C:\\Users\\Paurash\\Desktop\\End to End ML Project\\End-to-End-Machine-Learning-Project\\env\\Lib\\site-packages\\importlib_metadata\\_adapters.py', reloading
[ 2023-10-11 18:24:37,424 ] 225 werkzeug - INFO -  * Detected change in 'c:\\users\\paurash\\desktop\\end to end ml project\\end-to-end-machine-learning-project\\env\\Lib\\site-packages\\importlib_metadata\\_collections.py', reloading
[ 2023-10-11 18:24:37,425 ] 225 werkzeug - INFO -  * Detected change in 'C:\\Users\\Paurash\\Desktop\\End to End ML Project\\End-to-End-Machine-Learning-Project\\env\\Lib\\site-packages\\importlib_metadata\\_collections.py', reloading
[ 2023-10-11 18:24:37,440 ] 225 werkzeug - INFO -  * Detected change in 'c:\\users\\paurash\\desktop\\end to end ml project\\end-to-end-machine-learning-project\\env\\Lib\\site-packages\\importlib_metadata\\_compat.py', reloading
[ 2023-10-11 18:24:37,441 ] 225 werkzeug - INFO -  * Detected change in 'C:\\Users\\Paurash\\Desktop\\End to End ML Project\\End-to-End-Machine-Learning-Project\\env\\Lib\\site-packages\\importlib_metadata\\_compat.py', reloading
[ 2023-10-11 18:24:37,459 ] 225 werkzeug - INFO -  * Detected change in 'c:\\users\\paurash\\desktop\\end to end ml project\\end-to-end-machine-learning-project\\env\\Lib\\site-packages\\importlib_metadata\\_functools.py', reloading
[ 2023-10-11 18:24:37,460 ] 225 werkzeug - INFO -  * Detected change in 'C:\\Users\\Paurash\\Desktop\\End to End ML Project\\End-to-End-Machine-Learning-Project\\env\\Lib\\site-packages\\importlib_metadata\\_functools.py', reloading
[ 2023-10-11 18:24:37,476 ] 225 werkzeug - INFO -  * Detected change in 'c:\\users\\paurash\\desktop\\end to end ml project\\end-to-end-machine-learning-project\\env\\Lib\\site-packages\\importlib_metadata\\_itertools.py', reloading
[ 2023-10-11 18:24:37,477 ] 225 werkzeug - INFO -  * Detected change in 'C:\\Users\\Paurash\\Desktop\\End to End ML Project\\End-to-End-Machine-Learning-Project\\env\\Lib\\site-packages\\importlib_metadata\\_itertools.py', reloading
[ 2023-10-11 18:24:37,505 ] 225 werkzeug - INFO -  * Detected change in 'c:\\users\\paurash\\desktop\\end to end ml project\\end-to-end-machine-learning-project\\env\\Lib\\site-packages\\importlib_metadata\\_meta.py', reloading
[ 2023-10-11 18:24:37,505 ] 225 werkzeug - INFO -  * Detected change in 'C:\\Users\\Paurash\\Desktop\\End to End ML Project\\End-to-End-Machine-Learning-Project\\env\\Lib\\site-packages\\importlib_metadata\\_meta.py', reloading
[ 2023-10-11 18:24:37,554 ] 225 werkzeug - INFO -  * Detected change in 'c:\\users\\paurash\\desktop\\end to end ml project\\end-to-end-machine-learning-project\\env\\Lib\\site-packages\\importlib_metadata\\_py39compat.py', reloading
[ 2023-10-11 18:24:37,554 ] 225 werkzeug - INFO -  * Detected change in 'C:\\Users\\Paurash\\Desktop\\End to End ML Project\\End-to-End-Machine-Learning-Project\\env\\Lib\\site-packages\\importlib_metadata\\_py39compat.py', reloading
[ 2023-10-11 18:24:37,577 ] 225 werkzeug - INFO -  * Detected change in 'c:\\users\\paurash\\desktop\\end to end ml project\\end-to-end-machine-learning-project\\env\\Lib\\site-packages\\importlib_metadata\\_text.py', reloading
[ 2023-10-11 18:24:37,577 ] 225 werkzeug - INFO -  * Detected change in 'C:\\Users\\Paurash\\Desktop\\End to End ML Project\\End-to-End-Machine-Learning-Project\\env\\Lib\\site-packages\\importlib_metadata\\_text.py', reloading
[ 2023-10-11 18:24:37,599 ] 225 werkzeug - INFO -  * Detected change in 'c:\\users\\paurash\\desktop\\end to end ml project\\end-to-end-machine-learning-project\\env\\Lib\\site-packages\\importlib_resources\\__init__.py', reloading
[ 2023-10-11 18:24:37,599 ] 225 werkzeug - INFO -  * Detected change in 'C:\\Users\\Paurash\\Desktop\\End to End ML Project\\End-to-End-Machine-Learning-Project\\env\\Lib\\site-packages\\importlib_resources\\__init__.py', reloading
[ 2023-10-11 18:24:37,630 ] 225 werkzeug - INFO -  * Detected change in 'c:\\users\\paurash\\desktop\\end to end ml project\\end-to-end-machine-learning-project\\env\\Lib\\site-packages\\importlib_resources\\_adapters.py', reloading
[ 2023-10-11 18:24:37,631 ] 225 werkzeug - INFO -  * Detected change in 'C:\\Users\\Paurash\\Desktop\\End to End ML Project\\End-to-End-Machine-Learning-Project\\env\\Lib\\site-packages\\importlib_resources\\_adapters.py', reloading
[ 2023-10-11 18:24:37,680 ] 225 werkzeug - INFO -  * Detected change in 'c:\\users\\paurash\\desktop\\end to end ml project\\end-to-end-machine-learning-project\\env\\Lib\\site-packages\\importlib_resources\\_common.py', reloading
[ 2023-10-11 18:24:37,681 ] 225 werkzeug - INFO -  * Detected change in 'C:\\Users\\Paurash\\Desktop\\End to End ML Project\\End-to-End-Machine-Learning-Project\\env\\Lib\\site-packages\\importlib_resources\\_common.py', reloading
[ 2023-10-11 18:24:37,700 ] 225 werkzeug - INFO -  * Detected change in 'c:\\users\\paurash\\desktop\\end to end ml project\\end-to-end-machine-learning-project\\env\\Lib\\site-packages\\importlib_resources\\_compat.py', reloading
[ 2023-10-11 18:24:37,701 ] 225 werkzeug - INFO -  * Detected change in 'C:\\Users\\Paurash\\Desktop\\End to End ML Project\\End-to-End-Machine-Learning-Project\\env\\Lib\\site-packages\\importlib_resources\\_compat.py', reloading
[ 2023-10-11 18:24:37,718 ] 225 werkzeug - INFO -  * Detected change in 'c:\\users\\paurash\\desktop\\end to end ml project\\end-to-end-machine-learning-project\\env\\Lib\\site-packages\\importlib_resources\\_itertools.py', reloading
[ 2023-10-11 18:24:37,719 ] 225 werkzeug - INFO -  * Detected change in 'C:\\Users\\Paurash\\Desktop\\End to End ML Project\\End-to-End-Machine-Learning-Project\\env\\Lib\\site-packages\\importlib_resources\\_itertools.py', reloading
[ 2023-10-11 18:24:37,737 ] 225 werkzeug - INFO -  * Detected change in 'c:\\users\\paurash\\desktop\\end to end ml project\\end-to-end-machine-learning-project\\env\\Lib\\site-packages\\importlib_resources\\_legacy.py', reloading
[ 2023-10-11 18:24:37,738 ] 225 werkzeug - INFO -  * Detected change in 'C:\\Users\\Paurash\\Desktop\\End to End ML Project\\End-to-End-Machine-Learning-Project\\env\\Lib\\site-packages\\importlib_resources\\_legacy.py', reloading
[ 2023-10-11 18:24:37,757 ] 225 werkzeug - INFO -  * Detected change in 'c:\\users\\paurash\\desktop\\end to end ml project\\end-to-end-machine-learning-project\\env\\Lib\\site-packages\\importlib_resources\\abc.py', reloading
[ 2023-10-11 18:24:37,758 ] 225 werkzeug - INFO -  * Detected change in 'C:\\Users\\Paurash\\Desktop\\End to End ML Project\\End-to-End-Machine-Learning-Project\\env\\Lib\\site-packages\\importlib_resources\\abc.py', reloading
