[ 2023-10-11 18:24:40,267 ] 157 numexpr.utils - INFO - NumExpr defaulting to 8 threads.
[ 2023-10-11 18:24:43,007 ] 225 werkzeug - WARNING -  * Debugger is active!
[ 2023-10-11 18:24:43,008 ] 225 werkzeug - INFO -  * Debugger PIN: 144-909-291
[ 2023-10-11 18:24:43,144 ] 225 werkzeug - WARNING -  * Running on all addresses.
   WARNING: This is a development server. Do not use it in a production deployment.
[ 2023-10-11 18:24:43,145 ] 225 werkzeug - INFO -  * Running on http://192.168.1.65:5000/ (Press CTRL+C to quit)
[ 2023-10-11 18:24:43,153 ] 225 werkzeug - INFO -  * Detected change in 'c:\\users\\paurash\\desktop\\end to end ml project\\end-to-end-machine-learning-project\\env\\Lib\\site-packages\\matplotlib\\backend_managers.py', reloading
[ 2023-10-11 18:24:43,155 ] 225 werkzeug - INFO -  * Detected change in 'C:\\Users\\Paurash\\Desktop\\End to End ML Project\\End-to-End-Machine-Learning-Project\\env\\Lib\\site-packages\\matplotlib\\backend_managers.py', reloading
[ 2023-10-11 18:24:43,178 ] 225 werkzeug - INFO -  * Detected change in 'C:\\Users\\Paurash\\Desktop\\End to End ML Project\\End-to-End-Machine-Learning-Project\\env\\Lib\\site-packages\\matplotlib\\backend_tools.py', reloading
[ 2023-10-11 18:24:43,178 ] 225 werkzeug - INFO -  * Detected change in 'c:\\users\\paurash\\desktop\\end to end ml project\\end-to-end-machine-learning-project\\env\\Lib\\site-packages\\matplotlib\\backend_tools.py', reloading
[ 2023-10-11 18:24:43,218 ] 225 werkzeug - INFO -  * Detected change in 'C:\\Users\\Paurash\\Desktop\\End to End ML Project\\End-to-End-Machine-Learning-Project\\env\\Lib\\site-packages\\matplotlib\\bezier.py', reloading
[ 2023-10-11 18:24:43,218 ] 225 werkzeug - INFO -  * Detected change in 'c:\\users\\paurash\\desktop\\end to end ml project\\end-to-end-machine-learning-project\\env\\Lib\\site-packages\\matplotlib\\bezier.py', reloading
[ 2023-10-11 18:24:43,249 ] 225 werkzeug - INFO -  * Detected change in 'C:\\Users\\Paurash\\Desktop\\End to End ML Project\\End-to-End-Machine-Learning-Project\\env\\Lib\\site-packages\\matplotlib\\category.py', reloading
[ 2023-10-11 18:24:43,249 ] 225 werkzeug - INFO -  * Detected change in 'c:\\users\\paurash\\desktop\\end to end ml project\\end-to-end-machine-learning-project\\env\\Lib\\site-packages\\matplotlib\\category.py', reloading
[ 2023-10-11 18:24:43,273 ] 225 werkzeug - INFO -  * Detected change in 'C:\\Users\\Paurash\\Desktop\\End to End ML Project\\End-to-End-Machine-Learning-Project\\env\\Lib\\site-packages\\matplotlib\\cm.py', reloading
[ 2023-10-11 18:24:43,273 ] 225 werkzeug - INFO -  * Detected change in 'c:\\users\\paurash\\desktop\\end to end ml project\\end-to-end-machine-learning-project\\env\\Lib\\site-packages\\matplotlib\\cm.py', reloading
[ 2023-10-11 18:24:43,310 ] 225 werkzeug - INFO -  * Detected change in 'c:\\users\\paurash\\desktop\\end to end ml project\\end-to-end-machine-learning-project\\env\\Lib\\site-packages\\matplotlib\\collections.py', reloading
[ 2023-10-11 18:24:43,311 ] 225 werkzeug - INFO -  * Detected change in 'C:\\Users\\Paurash\\Desktop\\End to End ML Project\\End-to-End-Machine-Learning-Project\\env\\Lib\\site-packages\\matplotlib\\collections.py', reloading
[ 2023-10-11 18:24:43,383 ] 225 werkzeug - INFO -  * Detected change in 'c:\\users\\paurash\\desktop\\end to end ml project\\end-to-end-machine-learning-project\\env\\Lib\\site-packages\\matplotlib\\colorbar.py', reloading
[ 2023-10-11 18:24:43,384 ] 225 werkzeug - INFO -  * Detected change in 'C:\\Users\\Paurash\\Desktop\\End to End ML Project\\End-to-End-Machine-Learning-Project\\env\\Lib\\site-packages\\matplotlib\\colorbar.py', reloading
[ 2023-10-11 18:24:43,438 ] 225 werkzeug - INFO -  * Detected change in 'C:\\Users\\Paurash\\Desktop\\End to End ML Project\\End-to-End-Machine-Learning-Project\\env\\Lib\\site-packages\\matplotlib\\colors.py', reloading
[ 2023-10-11 18:24:43,439 ] 225 werkzeug - INFO -  * Detected change in 'c:\\users\\paurash\\desktop\\end to end ml project\\end-to-end-machine-learning-project\\env\\Lib\\site-packages\\matplotlib\\colors.py', reloading
[ 2023-10-11 18:24:43,502 ] 225 werkzeug - INFO -  * Detected change in 'C:\\Users\\Paurash\\Desktop\\End to End ML Project\\End-to-End-Machine-Learning-Project\\env\\Lib\\site-packages\\matplotlib\\container.py', reloading
[ 2023-10-11 18:24:43,502 ] 225 werkzeug - INFO -  * Detected change in 'c:\\users\\paurash\\desktop\\end to end ml project\\end-to-end-machine-learning-project\\env\\Lib\\site-packages\\matplotlib\\container.py', reloading
[ 2023-10-11 18:24:43,529 ] 225 werkzeug - INFO -  * Detected change in 'C:\\Users\\Paurash\\Desktop\\End to End ML Project\\End-to-End-Machine-Learning-Project\\env\\Lib\\site-packages\\matplotlib\\contour.py', reloading
[ 2023-10-11 18:24:43,529 ] 225 werkzeug - INFO -  * Detected change in 'c:\\users\\paurash\\desktop\\end to end ml project\\end-to-end-machine-learning-project\\env\\Lib\\site-packages\\matplotlib\\contour.py', reloading
[ 2023-10-11 18:24:43,597 ] 225 werkzeug - INFO -  * Detected change in 'c:\\users\\paurash\\desktop\\end to end ml project\\end-to-end-machine-learning-project\\env\\Lib\\site-packages\\matplotlib\\dates.py', reloading
[ 2023-10-11 18:24:43,598 ] 225 werkzeug - INFO -  * Detected change in 'C:\\Users\\Paurash\\Desktop\\End to End ML Project\\End-to-End-Machine-Learning-Project\\env\\Lib\\site-packages\\matplotlib\\dates.py', reloading
[ 2023-10-11 18:24:43,639 ] 225 werkzeug - INFO -  * Detected change in 'C:\\Users\\Paurash\\Desktop\\End to End ML Project\\End-to-End-Machine-Learning-Project\\env\\Lib\\site-packages\\matplotlib\\docstring.py', reloading
[ 2023-10-11 18:24:43,639 ] 225 werkzeug - INFO -  * Detected change in 'c:\\users\\paurash\\desktop\\end to end ml project\\end-to-end-machine-learning-project\\env\\Lib\\site-packages\\matplotlib\\docstring.py', reloading
[ 2023-10-11 18:24:43,678 ] 225 werkzeug - INFO -  * Detected change in 'C:\\Users\\Paurash\\Desktop\\End to End ML Project\\End-to-End-Machine-Learning-Project\\env\\Lib\\site-packages\\matplotlib\\dviread.py', reloading
[ 2023-10-11 18:24:43,678 ] 225 werkzeug - INFO -  * Detected change in 'c:\\users\\paurash\\desktop\\end to end ml project\\end-to-end-machine-learning-project\\env\\Lib\\site-packages\\matplotlib\\dviread.py', reloading
[ 2023-10-11 18:24:43,757 ] 225 werkzeug - INFO -  * Detected change in 'C:\\Users\\Paurash\\Desktop\\End to End ML Project\\End-to-End-Machine-Learning-Project\\env\\Lib\\site-packages\\matplotlib\\figure.py', reloading
[ 2023-10-11 18:24:43,757 ] 225 werkzeug - INFO -  * Detected change in 'c:\\users\\paurash\\desktop\\end to end ml project\\end-to-end-machine-learning-project\\env\\Lib\\site-packages\\matplotlib\\figure.py', reloading
[ 2023-10-11 18:24:43,868 ] 225 werkzeug - INFO -  * Detected change in 'C:\\Users\\Paurash\\Desktop\\End to End ML Project\\End-to-End-Machine-Learning-Project\\env\\Lib\\site-packages\\matplotlib\\font_manager.py', reloading
[ 2023-10-11 18:24:43,869 ] 225 werkzeug - INFO -  * Detected change in 'c:\\users\\paurash\\desktop\\end to end ml project\\end-to-end-machine-learning-project\\env\\Lib\\site-packages\\matplotlib\\font_manager.py', reloading
[ 2023-10-11 18:24:43,905 ] 225 werkzeug - INFO -  * Detected change in 'C:\\Users\\Paurash\\Desktop\\End to End ML Project\\End-to-End-Machine-Learning-Project\\env\\Lib\\site-packages\\matplotlib\\fontconfig_pattern.py', reloading
[ 2023-10-11 18:24:43,907 ] 225 werkzeug - INFO -  * Detected change in 'c:\\users\\paurash\\desktop\\end to end ml project\\end-to-end-machine-learning-project\\env\\Lib\\site-packages\\matplotlib\\fontconfig_pattern.py', reloading
[ 2023-10-11 18:24:43,933 ] 225 werkzeug - INFO -  * Detected change in 'C:\\Users\\Paurash\\Desktop\\End to End ML Project\\End-to-End-Machine-Learning-Project\\env\\Lib\\site-packages\\matplotlib\\gridspec.py', reloading
[ 2023-10-11 18:24:43,934 ] 225 werkzeug - INFO -  * Detected change in 'c:\\users\\paurash\\desktop\\end to end ml project\\end-to-end-machine-learning-project\\env\\Lib\\site-packages\\matplotlib\\gridspec.py', reloading
[ 2023-10-11 18:24:43,957 ] 225 werkzeug - INFO -  * Detected change in 'C:\\Users\\Paurash\\Desktop\\End to End ML Project\\End-to-End-Machine-Learning-Project\\env\\Lib\\site-packages\\matplotlib\\hatch.py', reloading
[ 2023-10-11 18:24:43,958 ] 225 werkzeug - INFO -  * Detected change in 'c:\\users\\paurash\\desktop\\end to end ml project\\end-to-end-machine-learning-project\\env\\Lib\\site-packages\\matplotlib\\hatch.py', reloading
[ 2023-10-11 18:24:43,982 ] 225 werkzeug - INFO -  * Detected change in 'c:\\users\\paurash\\desktop\\end to end ml project\\end-to-end-machine-learning-project\\env\\Lib\\site-packages\\matplotlib\\image.py', reloading
[ 2023-10-11 18:24:43,982 ] 225 werkzeug - INFO -  * Detected change in 'C:\\Users\\Paurash\\Desktop\\End to End ML Project\\End-to-End-Machine-Learning-Project\\env\\Lib\\site-packages\\matplotlib\\image.py', reloading
[ 2023-10-11 18:24:44,030 ] 225 werkzeug - INFO -  * Detected change in 'C:\\Users\\Paurash\\Desktop\\End to End ML Project\\End-to-End-Machine-Learning-Project\\env\\Lib\\site-packages\\matplotlib\\layout_engine.py', reloading
[ 2023-10-11 18:24:44,031 ] 225 werkzeug - INFO -  * Detected change in 'c:\\users\\paurash\\desktop\\end to end ml project\\end-to-end-machine-learning-project\\env\\Lib\\site-packages\\matplotlib\\layout_engine.py', reloading
[ 2023-10-11 18:24:44,053 ] 225 werkzeug - INFO -  * Detected change in 'C:\\Users\\Paurash\\Desktop\\End to End ML Project\\End-to-End-Machine-Learning-Project\\env\\Lib\\site-packages\\matplotlib\\legend.py', reloading
[ 2023-10-11 18:24:44,053 ] 225 werkzeug - INFO -  * Detected change in 'c:\\users\\paurash\\desktop\\end to end ml project\\end-to-end-machine-learning-project\\env\\Lib\\site-packages\\matplotlib\\legend.py', reloading
[ 2023-10-11 18:24:44,122 ] 225 werkzeug - INFO -  * Detected change in 'C:\\Users\\Paurash\\Desktop\\End to End ML Project\\End-to-End-Machine-Learning-Project\\env\\Lib\\site-packages\\matplotlib\\legend_handler.py', reloading
[ 2023-10-11 18:24:44,123 ] 225 werkzeug - INFO -  * Detected change in 'c:\\users\\paurash\\desktop\\end to end ml project\\end-to-end-machine-learning-project\\env\\Lib\\site-packages\\matplotlib\\legend_handler.py', reloading
[ 2023-10-11 18:24:44,182 ] 225 werkzeug - INFO -  * Detected change in 'C:\\Users\\Paurash\\Desktop\\End to End ML Project\\End-to-End-Machine-Learning-Project\\env\\Lib\\site-packages\\matplotlib\\lines.py', reloading
[ 2023-10-11 18:24:44,184 ] 225 werkzeug - INFO -  * Detected change in 'c:\\users\\paurash\\desktop\\end to end ml project\\end-to-end-machine-learning-project\\env\\Lib\\site-packages\\matplotlib\\lines.py', reloading
