[ 2023-10-11 18:24:47,502 ] 157 numexpr.utils - INFO - NumExpr defaulting to 8 threads.
[ 2023-10-11 18:24:50,290 ] 225 werkzeug - WARNING -  * Debugger is active!
[ 2023-10-11 18:24:50,307 ] 225 werkzeug - INFO -  * Debugger PIN: 144-909-291
[ 2023-10-11 18:24:50,501 ] 225 werkzeug - WARNING -  * Running on all addresses.
   WARNING: This is a development server. Do not use it in a production deployment.
[ 2023-10-11 18:24:50,505 ] 225 werkzeug - INFO -  * Running on http://192.168.1.65:5000/ (Press CTRL+C to quit)
[ 2023-10-11 18:24:50,520 ] 225 werkzeug - INFO -  * Detected change in 'C:\\Users\\Paurash\\Desktop\\End to End ML Project\\End-to-End-Machine-Learning-Project\\env\\Lib\\site-packages\\matplotlib\\tests\\test_font_manager.py', reloading
[ 2023-10-11 18:24:50,523 ] 225 werkzeug - INFO -  * Detected change in 'c:\\users\\paurash\\desktop\\end to end ml project\\end-to-end-machine-learning-project\\env\\Lib\\site-packages\\matplotlib\\tests\\test_font_manager.py', reloading
[ 2023-10-11 18:24:50,552 ] 225 werkzeug - INFO -  * Detected change in 'c:\\users\\paurash\\desktop\\end to end ml project\\end-to-end-machine-learning-project\\env\\Lib\\site-packages\\matplotlib\\tests\\test_fontconfig_pattern.py', reloading
[ 2023-10-11 18:24:50,552 ] 225 werkzeug - INFO -  * Detected change in 'C:\\Users\\Paurash\\Desktop\\End to End ML Project\\End-to-End-Machine-Learning-Project\\env\\Lib\\site-packages\\matplotlib\\tests\\test_fontconfig_pattern.py', reloading
[ 2023-10-11 18:24:50,574 ] 225 werkzeug - INFO -  * Detected change in 'C:\\Users\\Paurash\\Desktop\\End to End ML Project\\End-to-End-Machine-Learning-Project\\env\\Lib\\site-packages\\matplotlib\\tests\\test_ft2font.py', reloading
[ 2023-10-11 18:24:50,576 ] 225 werkzeug - INFO -  * Detected change in 'c:\\users\\paurash\\desktop\\end to end ml project\\end-to-end-machine-learning-project\\env\\Lib\\site-packages\\matplotlib\\tests\\test_ft2font.py', reloading
[ 2023-10-11 18:24:50,597 ] 225 werkzeug - INFO -  * Detected change in 'C:\\Users\\Paurash\\Desktop\\End to End ML Project\\End-to-End-Machine-Learning-Project\\env\\Lib\\site-packages\\matplotlib\\tests\\test_getattr.py', reloading
[ 2023-10-11 18:24:50,597 ] 225 werkzeug - INFO -  * Detected change in 'c:\\users\\paurash\\desktop\\end to end ml project\\end-to-end-machine-learning-project\\env\\Lib\\site-packages\\matplotlib\\tests\\test_getattr.py', reloading
[ 2023-10-11 18:24:50,615 ] 225 werkzeug - INFO -  * Detected change in 'C:\\Users\\Paurash\\Desktop\\End to End ML Project\\End-to-End-Machine-Learning-Project\\env\\Lib\\site-packages\\matplotlib\\tests\\test_gridspec.py', reloading
[ 2023-10-11 18:24:50,616 ] 225 werkzeug - INFO -  * Detected change in 'c:\\users\\paurash\\desktop\\end to end ml project\\end-to-end-machine-learning-project\\env\\Lib\\site-packages\\matplotlib\\tests\\test_gridspec.py', reloading
[ 2023-10-11 18:24:50,658 ] 225 werkzeug - INFO -  * Detected change in 'C:\\Users\\Paurash\\Desktop\\End to End ML Project\\End-to-End-Machine-Learning-Project\\env\\Lib\\site-packages\\matplotlib\\tests\\test_image.py', reloading
[ 2023-10-11 18:24:50,660 ] 225 werkzeug - INFO -  * Detected change in 'c:\\users\\paurash\\desktop\\end to end ml project\\end-to-end-machine-learning-project\\env\\Lib\\site-packages\\matplotlib\\tests\\test_image.py', reloading
[ 2023-10-11 18:24:50,852 ] 225 werkzeug - INFO -  * Detected change in 'C:\\Users\\Paurash\\Desktop\\End to End ML Project\\End-to-End-Machine-Learning-Project\\env\\Lib\\site-packages\\matplotlib\\tests\\test_legend.py', reloading
[ 2023-10-11 18:24:50,854 ] 225 werkzeug - INFO -  * Detected change in 'c:\\users\\paurash\\desktop\\end to end ml project\\end-to-end-machine-learning-project\\env\\Lib\\site-packages\\matplotlib\\tests\\test_legend.py', reloading
[ 2023-10-11 18:24:50,954 ] 225 werkzeug - INFO -  * Detected change in 'C:\\Users\\Paurash\\Desktop\\End to End ML Project\\End-to-End-Machine-Learning-Project\\env\\Lib\\site-packages\\matplotlib\\tests\\test_lines.py', reloading
[ 2023-10-11 18:24:50,954 ] 225 werkzeug - INFO -  * Detected change in 'c:\\users\\paurash\\desktop\\end to end ml project\\end-to-end-machine-learning-project\\env\\Lib\\site-packages\\matplotlib\\tests\\test_lines.py', reloading
[ 2023-10-11 18:24:50,993 ] 225 werkzeug - INFO -  * Detected change in 'c:\\users\\paurash\\desktop\\end to end ml project\\end-to-end-machine-learning-project\\env\\Lib\\site-packages\\matplotlib\\tests\\test_marker.py', reloading
[ 2023-10-11 18:24:50,994 ] 225 werkzeug - INFO -  * Detected change in 'C:\\Users\\Paurash\\Desktop\\End to End ML Project\\End-to-End-Machine-Learning-Project\\env\\Lib\\site-packages\\matplotlib\\tests\\test_marker.py', reloading
[ 2023-10-11 18:24:51,030 ] 225 werkzeug - INFO -  * Detected change in 'C:\\Users\\Paurash\\Desktop\\End to End ML Project\\End-to-End-Machine-Learning-Project\\env\\Lib\\site-packages\\matplotlib\\tests\\test_mathtext.py', reloading
[ 2023-10-11 18:24:51,030 ] 225 werkzeug - INFO -  * Detected change in 'c:\\users\\paurash\\desktop\\end to end ml project\\end-to-end-machine-learning-project\\env\\Lib\\site-packages\\matplotlib\\tests\\test_mathtext.py', reloading
[ 2023-10-11 18:24:51,061 ] 225 werkzeug - INFO -  * Detected change in 'c:\\users\\paurash\\desktop\\end to end ml project\\end-to-end-machine-learning-project\\env\\Lib\\site-packages\\matplotlib\\tests\\test_matplotlib.py', reloading
[ 2023-10-11 18:24:51,062 ] 225 werkzeug - INFO -  * Detected change in 'C:\\Users\\Paurash\\Desktop\\End to End ML Project\\End-to-End-Machine-Learning-Project\\env\\Lib\\site-packages\\matplotlib\\tests\\test_matplotlib.py', reloading
[ 2023-10-11 18:24:51,091 ] 225 werkzeug - INFO -  * Detected change in 'C:\\Users\\Paurash\\Desktop\\End to End ML Project\\End-to-End-Machine-Learning-Project\\env\\Lib\\site-packages\\matplotlib\\tests\\test_mlab.py', reloading
[ 2023-10-11 18:24:51,091 ] 225 werkzeug - INFO -  * Detected change in 'c:\\users\\paurash\\desktop\\end to end ml project\\end-to-end-machine-learning-project\\env\\Lib\\site-packages\\matplotlib\\tests\\test_mlab.py', reloading
[ 2023-10-11 18:24:51,170 ] 225 werkzeug - INFO -  * Detected change in 'C:\\Users\\Paurash\\Desktop\\End to End ML Project\\End-to-End-Machine-Learning-Project\\env\\Lib\\site-packages\\matplotlib\\tests\\test_offsetbox.py', reloading
[ 2023-10-11 18:24:51,172 ] 225 werkzeug - INFO -  * Detected change in 'c:\\users\\paurash\\desktop\\end to end ml project\\end-to-end-machine-learning-project\\env\\Lib\\site-packages\\matplotlib\\tests\\test_offsetbox.py', reloading
[ 2023-10-11 18:24:51,242 ] 225 werkzeug - INFO -  * Detected change in 'C:\\Users\\Paurash\\Desktop\\End to End ML Project\\End-to-End-Machine-Learning-Project\\env\\Lib\\site-packages\\matplotlib\\tests\\test_patches.py', reloading
[ 2023-10-11 18:24:51,244 ] 225 werkzeug - INFO -  * Detected change in 'c:\\users\\paurash\\desktop\\end to end ml project\\end-to-end-machine-learning-project\\env\\Lib\\site-packages\\matplotlib\\tests\\test_patches.py', reloading
[ 2023-10-11 18:24:51,319 ] 225 werkzeug - INFO -  * Detected change in 'c:\\users\\paurash\\desktop\\end to end ml project\\end-to-end-machine-learning-project\\env\\Lib\\site-packages\\matplotlib\\tests\\test_path.py', reloading
[ 2023-10-11 18:24:51,320 ] 225 werkzeug - INFO -  * Detected change in 'C:\\Users\\Paurash\\Desktop\\End to End ML Project\\End-to-End-Machine-Learning-Project\\env\\Lib\\site-packages\\matplotlib\\tests\\test_path.py', reloading
[ 2023-10-11 18:24:51,376 ] 225 werkzeug - INFO -  * Detected change in 'c:\\users\\paurash\\desktop\\end to end ml project\\end-to-end-machine-learning-project\\env\\Lib\\site-packages\\matplotlib\\tests\\test_patheffects.py', reloading
[ 2023-10-11 18:24:51,377 ] 225 werkzeug - INFO -  * Detected change in 'C:\\Users\\Paurash\\Desktop\\End to End ML Project\\End-to-End-Machine-Learning-Project\\env\\Lib\\site-packages\\matplotlib\\tests\\test_patheffects.py', reloading
[ 2023-10-11 18:24:51,415 ] 225 werkzeug - INFO -  * Detected change in 'C:\\Users\\Paurash\\Desktop\\End to End ML Project\\End-to-End-Machine-Learning-Project\\env\\Lib\\site-packages\\matplotlib\\tests\\test_pickle.py', reloading
[ 2023-10-11 18:24:51,416 ] 225 werkzeug - INFO -  * Detected change in 'c:\\users\\paurash\\desktop\\end to end ml project\\end-to-end-machine-learning-project\\env\\Lib\\site-packages\\matplotlib\\tests\\test_pickle.py', reloading
[ 2023-10-11 18:24:51,460 ] 225 werkzeug - INFO -  * Detected change in 'c:\\users\\paurash\\desktop\\end to end ml project\\end-to-end-machine-learning-project\\env\\Lib\\site-packages\\matplotlib\\tests\\test_png.py', reloading
[ 2023-10-11 18:24:51,462 ] 225 werkzeug - INFO -  * Detected change in 'C:\\Users\\Paurash\\Desktop\\End to End ML Project\\End-to-End-Machine-Learning-Project\\env\\Lib\\site-packages\\matplotlib\\tests\\test_png.py', reloading
[ 2023-10-11 18:24:51,494 ] 225 werkzeug - INFO -  * Detected change in 'C:\\Users\\Paurash\\Desktop\\End to End ML Project\\End-to-End-Machine-Learning-Project\\env\\Lib\\site-packages\\matplotlib\\tests\\test_polar.py', reloading
[ 2023-10-11 18:24:51,495 ] 225 werkzeug - INFO -  * Detected change in 'c:\\users\\paurash\\desktop\\end to end ml project\\end-to-end-machine-learning-project\\env\\Lib\\site-packages\\matplotlib\\tests\\test_polar.py', reloading
[ 2023-10-11 18:24:51,546 ] 225 werkzeug - INFO -  * Detected change in 'C:\\Users\\Paurash\\Desktop\\End to End ML Project\\End-to-End-Machine-Learning-Project\\env\\Lib\\site-packages\\matplotlib\\tests\\test_preprocess_data.py', reloading
[ 2023-10-11 18:24:51,547 ] 225 werkzeug - INFO -  * Detected change in 'c:\\users\\paurash\\desktop\\end to end ml project\\end-to-end-machine-learning-project\\env\\Lib\\site-packages\\matplotlib\\tests\\test_preprocess_data.py', reloading
[ 2023-10-11 18:24:51,588 ] 225 werkzeug - INFO -  * Detected change in 'C:\\Users\\Paurash\\Desktop\\End to End ML Project\\End-to-End-Machine-Learning-Project\\env\\Lib\\site-packages\\matplotlib\\tests\\test_pyplot.py', reloading
[ 2023-10-11 18:24:51,589 ] 225 werkzeug - INFO -  * Detected change in 'c:\\users\\paurash\\desktop\\end to end ml project\\end-to-end-machine-learning-project\\env\\Lib\\site-packages\\matplotlib\\tests\\test_pyplot.py', reloading
