[ 2023-10-11 18:25:02,791 ] 157 numexpr.utils - INFO - NumExpr defaulting to 8 threads.
[ 2023-10-11 18:25:06,164 ] 225 werkzeug - WARNING -  * Debugger is active!
[ 2023-10-11 18:25:06,173 ] 225 werkzeug - INFO -  * Debugger PIN: 144-909-291
[ 2023-10-11 18:25:06,365 ] 225 werkzeug - WARNING -  * Running on all addresses.
   WARNING: This is a development server. Do not use it in a production deployment.
[ 2023-10-11 18:25:06,368 ] 225 werkzeug - INFO -  * Running on http://192.168.1.65:5000/ (Press CTRL+C to quit)
[ 2023-10-11 18:25:06,374 ] 225 werkzeug - INFO -  * Detected change in 'C:\\Users\\Paurash\\Desktop\\End to End ML Project\\End-to-End-Machine-Learning-Project\\env\\Lib\\site-packages\\numpy\\distutils\\msvc9compiler.py', reloading
[ 2023-10-11 18:25:06,375 ] 225 werkzeug - INFO -  * Detected change in 'c:\\users\\paurash\\desktop\\end to end ml project\\end-to-end-machine-learning-project\\env\\Lib\\site-packages\\numpy\\distutils\\msvc9compiler.py', reloading
[ 2023-10-11 18:25:06,394 ] 225 werkzeug - INFO -  * Detected change in 'c:\\users\\paurash\\desktop\\end to end ml project\\end-to-end-machine-learning-project\\env\\Lib\\site-packages\\numpy\\distutils\\msvccompiler.py', reloading
[ 2023-10-11 18:25:06,395 ] 225 werkzeug - INFO -  * Detected change in 'C:\\Users\\Paurash\\Desktop\\End to End ML Project\\End-to-End-Machine-Learning-Project\\env\\Lib\\site-packages\\numpy\\distutils\\msvccompiler.py', reloading
[ 2023-10-11 18:25:06,415 ] 225 werkzeug - INFO -  * Detected change in 'c:\\users\\paurash\\desktop\\end to end ml project\\end-to-end-machine-learning-project\\env\\Lib\\site-packages\\numpy\\distutils\\numpy_distribution.py', reloading
[ 2023-10-11 18:25:06,417 ] 225 werkzeug - INFO -  * Detected change in 'C:\\Users\\Paurash\\Desktop\\End to End ML Project\\End-to-End-Machine-Learning-Project\\env\\Lib\\site-packages\\numpy\\distutils\\numpy_distribution.py', reloading
[ 2023-10-11 18:25:06,432 ] 225 werkzeug - INFO -  * Detected change in 'c:\\users\\paurash\\desktop\\end to end ml project\\end-to-end-machine-learning-project\\env\\Lib\\site-packages\\numpy\\distutils\\pathccompiler.py', reloading
[ 2023-10-11 18:25:06,433 ] 225 werkzeug - INFO -  * Detected change in 'C:\\Users\\Paurash\\Desktop\\End to End ML Project\\End-to-End-Machine-Learning-Project\\env\\Lib\\site-packages\\numpy\\distutils\\pathccompiler.py', reloading
[ 2023-10-11 18:25:06,450 ] 225 werkzeug - INFO -  * Detected change in 'C:\\Users\\Paurash\\Desktop\\End to End ML Project\\End-to-End-Machine-Learning-Project\\env\\Lib\\site-packages\\numpy\\distutils\\setup.py', reloading
[ 2023-10-11 18:25:06,452 ] 225 werkzeug - INFO -  * Detected change in 'c:\\users\\paurash\\desktop\\end to end ml project\\end-to-end-machine-learning-project\\env\\Lib\\site-packages\\numpy\\distutils\\setup.py', reloading
[ 2023-10-11 18:25:06,498 ] 225 werkzeug - INFO -  * Detected change in 'c:\\users\\paurash\\desktop\\end to end ml project\\end-to-end-machine-learning-project\\env\\Lib\\site-packages\\numpy\\distutils\\system_info.py', reloading
[ 2023-10-11 18:25:06,498 ] 225 werkzeug - INFO -  * Detected change in 'C:\\Users\\Paurash\\Desktop\\End to End ML Project\\End-to-End-Machine-Learning-Project\\env\\Lib\\site-packages\\numpy\\distutils\\system_info.py', reloading
[ 2023-10-11 18:25:06,690 ] 225 werkzeug - INFO -  * Detected change in 'c:\\users\\paurash\\desktop\\end to end ml project\\end-to-end-machine-learning-project\\env\\Lib\\site-packages\\numpy\\distutils\\unixccompiler.py', reloading
[ 2023-10-11 18:25:06,692 ] 225 werkzeug - INFO -  * Detected change in 'C:\\Users\\Paurash\\Desktop\\End to End ML Project\\End-to-End-Machine-Learning-Project\\env\\Lib\\site-packages\\numpy\\distutils\\unixccompiler.py', reloading
[ 2023-10-11 18:25:06,710 ] 225 werkzeug - INFO -  * Detected change in 'c:\\users\\paurash\\desktop\\end to end ml project\\end-to-end-machine-learning-project\\env\\Lib\\site-packages\\numpy\\distutils\\command\\__init__.py', reloading
[ 2023-10-11 18:25:06,710 ] 225 werkzeug - INFO -  * Detected change in 'C:\\Users\\Paurash\\Desktop\\End to End ML Project\\End-to-End-Machine-Learning-Project\\env\\Lib\\site-packages\\numpy\\distutils\\command\\__init__.py', reloading
[ 2023-10-11 18:25:06,726 ] 225 werkzeug - INFO -  * Detected change in 'c:\\users\\paurash\\desktop\\end to end ml project\\end-to-end-machine-learning-project\\env\\Lib\\site-packages\\numpy\\distutils\\command\\autodist.py', reloading
[ 2023-10-11 18:25:06,727 ] 225 werkzeug - INFO -  * Detected change in 'C:\\Users\\Paurash\\Desktop\\End to End ML Project\\End-to-End-Machine-Learning-Project\\env\\Lib\\site-packages\\numpy\\distutils\\command\\autodist.py', reloading
[ 2023-10-11 18:25:06,744 ] 225 werkzeug - INFO -  * Detected change in 'c:\\users\\paurash\\desktop\\end to end ml project\\end-to-end-machine-learning-project\\env\\Lib\\site-packages\\numpy\\distutils\\command\\bdist_rpm.py', reloading
[ 2023-10-11 18:25:06,744 ] 225 werkzeug - INFO -  * Detected change in 'C:\\Users\\Paurash\\Desktop\\End to End ML Project\\End-to-End-Machine-Learning-Project\\env\\Lib\\site-packages\\numpy\\distutils\\command\\bdist_rpm.py', reloading
[ 2023-10-11 18:25:06,760 ] 225 werkzeug - INFO -  * Detected change in 'c:\\users\\paurash\\desktop\\end to end ml project\\end-to-end-machine-learning-project\\env\\Lib\\site-packages\\numpy\\distutils\\command\\build.py', reloading
[ 2023-10-11 18:25:06,761 ] 225 werkzeug - INFO -  * Detected change in 'C:\\Users\\Paurash\\Desktop\\End to End ML Project\\End-to-End-Machine-Learning-Project\\env\\Lib\\site-packages\\numpy\\distutils\\command\\build.py', reloading
[ 2023-10-11 18:25:06,781 ] 225 werkzeug - INFO -  * Detected change in 'C:\\Users\\Paurash\\Desktop\\End to End ML Project\\End-to-End-Machine-Learning-Project\\env\\Lib\\site-packages\\numpy\\distutils\\command\\build_clib.py', reloading
[ 2023-10-11 18:25:06,782 ] 225 werkzeug - INFO -  * Detected change in 'c:\\users\\paurash\\desktop\\end to end ml project\\end-to-end-machine-learning-project\\env\\Lib\\site-packages\\numpy\\distutils\\command\\build_clib.py', reloading
[ 2023-10-11 18:25:06,808 ] 225 werkzeug - INFO -  * Detected change in 'c:\\users\\paurash\\desktop\\end to end ml project\\end-to-end-machine-learning-project\\env\\Lib\\site-packages\\numpy\\distutils\\command\\build_ext.py', reloading
[ 2023-10-11 18:25:06,809 ] 225 werkzeug - INFO -  * Detected change in 'C:\\Users\\Paurash\\Desktop\\End to End ML Project\\End-to-End-Machine-Learning-Project\\env\\Lib\\site-packages\\numpy\\distutils\\command\\build_ext.py', reloading
[ 2023-10-11 18:25:06,845 ] 225 werkzeug - INFO -  * Detected change in 'c:\\users\\paurash\\desktop\\end to end ml project\\end-to-end-machine-learning-project\\env\\Lib\\site-packages\\numpy\\distutils\\command\\build_py.py', reloading
[ 2023-10-11 18:25:06,845 ] 225 werkzeug - INFO -  * Detected change in 'C:\\Users\\Paurash\\Desktop\\End to End ML Project\\End-to-End-Machine-Learning-Project\\env\\Lib\\site-packages\\numpy\\distutils\\command\\build_py.py', reloading
[ 2023-10-11 18:25:06,860 ] 225 werkzeug - INFO -  * Detected change in 'C:\\Users\\Paurash\\Desktop\\End to End ML Project\\End-to-End-Machine-Learning-Project\\env\\Lib\\site-packages\\numpy\\distutils\\command\\build_scripts.py', reloading
[ 2023-10-11 18:25:06,860 ] 225 werkzeug - INFO -  * Detected change in 'c:\\users\\paurash\\desktop\\end to end ml project\\end-to-end-machine-learning-project\\env\\Lib\\site-packages\\numpy\\distutils\\command\\build_scripts.py', reloading
[ 2023-10-11 18:25:06,882 ] 225 werkzeug - INFO -  * Detected change in 'c:\\users\\paurash\\desktop\\end to end ml project\\end-to-end-machine-learning-project\\env\\Lib\\site-packages\\numpy\\distutils\\command\\build_src.py', reloading
[ 2023-10-11 18:25:06,883 ] 225 werkzeug - INFO -  * Detected change in 'C:\\Users\\Paurash\\Desktop\\End to End ML Project\\End-to-End-Machine-Learning-Project\\env\\Lib\\site-packages\\numpy\\distutils\\command\\build_src.py', reloading
[ 2023-10-11 18:25:06,943 ] 225 werkzeug - INFO -  * Detected change in 'c:\\users\\paurash\\desktop\\end to end ml project\\end-to-end-machine-learning-project\\env\\Lib\\site-packages\\numpy\\distutils\\command\\config.py', reloading
[ 2023-10-11 18:25:06,943 ] 225 werkzeug - INFO -  * Detected change in 'C:\\Users\\Paurash\\Desktop\\End to End ML Project\\End-to-End-Machine-Learning-Project\\env\\Lib\\site-packages\\numpy\\distutils\\command\\config.py', reloading
[ 2023-10-11 18:25:07,011 ] 225 werkzeug - INFO -  * Detected change in 'c:\\users\\paurash\\desktop\\end to end ml project\\end-to-end-machine-learning-project\\env\\Lib\\site-packages\\numpy\\distutils\\command\\config_compiler.py', reloading
[ 2023-10-11 18:25:07,011 ] 225 werkzeug - INFO -  * Detected change in 'C:\\Users\\Paurash\\Desktop\\End to End ML Project\\End-to-End-Machine-Learning-Project\\env\\Lib\\site-packages\\numpy\\distutils\\command\\config_compiler.py', reloading
[ 2023-10-11 18:25:07,043 ] 225 werkzeug - INFO -  * Detected change in 'C:\\Users\\Paurash\\Desktop\\End to End ML Project\\End-to-End-Machine-Learning-Project\\env\\Lib\\site-packages\\numpy\\distutils\\command\\develop.py', reloading
[ 2023-10-11 18:25:07,045 ] 225 werkzeug - INFO -  * Detected change in 'c:\\users\\paurash\\desktop\\end to end ml project\\end-to-end-machine-learning-project\\env\\Lib\\site-packages\\numpy\\distutils\\command\\develop.py', reloading
[ 2023-10-11 18:25:07,082 ] 225 werkzeug - INFO -  * Detected change in 'c:\\users\\paurash\\desktop\\end to end ml project\\end-to-end-machine-learning-project\\env\\Lib\\site-packages\\numpy\\distutils\\command\\egg_info.py', reloading
[ 2023-10-11 18:25:07,083 ] 225 werkzeug - INFO -  * Detected change in 'C:\\Users\\Paurash\\Desktop\\End to End ML Project\\End-to-End-Machine-Learning-Project\\env\\Lib\\site-packages\\numpy\\distutils\\command\\egg_info.py', reloading
[ 2023-10-11 18:25:07,120 ] 225 werkzeug - INFO -  * Detected change in 'c:\\users\\paurash\\desktop\\end to end ml project\\end-to-end-machine-learning-project\\env\\Lib\\site-packages\\numpy\\distutils\\command\\install.py', reloading
[ 2023-10-11 18:25:07,123 ] 225 werkzeug - INFO -  * Detected change in 'C:\\Users\\Paurash\\Desktop\\End to End ML Project\\End-to-End-Machine-Learning-Project\\env\\Lib\\site-packages\\numpy\\distutils\\command\\install.py', reloading
[ 2023-10-11 18:25:07,161 ] 225 werkzeug - INFO -  * Detected change in 'c:\\users\\paurash\\desktop\\end to end ml project\\end-to-end-machine-learning-project\\env\\Lib\\site-packages\\numpy\\distutils\\command\\install_clib.py', reloading
[ 2023-10-11 18:25:07,161 ] 225 werkzeug - INFO -  * Detected change in 'C:\\Users\\Paurash\\Desktop\\End to End ML Project\\End-to-End-Machine-Learning-Project\\env\\Lib\\site-packages\\numpy\\distutils\\command\\install_clib.py', reloading
[ 2023-10-11 18:25:07,191 ] 225 werkzeug - INFO -  * Detected change in 'c:\\users\\paurash\\desktop\\end to end ml project\\end-to-end-machine-learning-project\\env\\Lib\\site-packages\\numpy\\distutils\\command\\install_data.py', reloading
[ 2023-10-11 18:25:07,193 ] 225 werkzeug - INFO -  * Detected change in 'C:\\Users\\Paurash\\Desktop\\End to End ML Project\\End-to-End-Machine-Learning-Project\\env\\Lib\\site-packages\\numpy\\distutils\\command\\install_data.py', reloading
[ 2023-10-11 18:25:07,220 ] 225 werkzeug - INFO -  * Detected change in 'c:\\users\\paurash\\desktop\\end to end ml project\\end-to-end-machine-learning-project\\env\\Lib\\site-packages\\numpy\\distutils\\command\\install_headers.py', reloading
[ 2023-10-11 18:25:07,220 ] 225 werkzeug - INFO -  * Detected change in 'C:\\Users\\Paurash\\Desktop\\End to End ML Project\\End-to-End-Machine-Learning-Project\\env\\Lib\\site-packages\\numpy\\distutils\\command\\install_headers.py', reloading
[ 2023-10-11 18:25:07,242 ] 225 werkzeug - INFO -  * Detected change in 'c:\\users\\paurash\\desktop\\end to end ml project\\end-to-end-machine-learning-project\\env\\Lib\\site-packages\\numpy\\distutils\\command\\sdist.py', reloading
[ 2023-10-11 18:25:07,243 ] 225 werkzeug - INFO -  * Detected change in 'C:\\Users\\Paurash\\Desktop\\End to End ML Project\\End-to-End-Machine-Learning-Project\\env\\Lib\\site-packages\\numpy\\distutils\\command\\sdist.py', reloading
[ 2023-10-11 18:25:07,262 ] 225 werkzeug - INFO -  * Detected change in 'c:\\users\\paurash\\desktop\\end to end ml project\\end-to-end-machine-learning-project\\env\\Lib\\site-packages\\numpy\\distutils\\fcompiler\\__init__.py', reloading
[ 2023-10-11 18:25:07,263 ] 225 werkzeug - INFO -  * Detected change in 'C:\\Users\\Paurash\\Desktop\\End to End ML Project\\End-to-End-Machine-Learning-Project\\env\\Lib\\site-packages\\numpy\\distutils\\fcompiler\\__init__.py', reloading
[ 2023-10-11 18:25:07,294 ] 225 werkzeug - INFO -  * Detected change in 'c:\\users\\paurash\\desktop\\end to end ml project\\end-to-end-machine-learning-project\\env\\Lib\\site-packages\\numpy\\distutils\\fcompiler\\absoft.py', reloading
[ 2023-10-11 18:25:07,294 ] 225 werkzeug - INFO -  * Detected change in 'C:\\Users\\Paurash\\Desktop\\End to End ML Project\\End-to-End-Machine-Learning-Project\\env\\Lib\\site-packages\\numpy\\distutils\\fcompiler\\absoft.py', reloading
[ 2023-10-11 18:25:07,309 ] 225 werkzeug - INFO -  * Detected change in 'c:\\users\\paurash\\desktop\\end to end ml project\\end-to-end-machine-learning-project\\env\\Lib\\site-packages\\numpy\\distutils\\fcompiler\\arm.py', reloading
[ 2023-10-11 18:25:07,309 ] 225 werkzeug - INFO -  * Detected change in 'C:\\Users\\Paurash\\Desktop\\End to End ML Project\\End-to-End-Machine-Learning-Project\\env\\Lib\\site-packages\\numpy\\distutils\\fcompiler\\arm.py', reloading
[ 2023-10-11 18:25:07,324 ] 225 werkzeug - INFO -  * Detected change in 'c:\\users\\paurash\\desktop\\end to end ml project\\end-to-end-machine-learning-project\\env\\Lib\\site-packages\\numpy\\distutils\\fcompiler\\compaq.py', reloading
[ 2023-10-11 18:25:07,325 ] 225 werkzeug - INFO -  * Detected change in 'C:\\Users\\Paurash\\Desktop\\End to End ML Project\\End-to-End-Machine-Learning-Project\\env\\Lib\\site-packages\\numpy\\distutils\\fcompiler\\compaq.py', reloading
[ 2023-10-11 18:25:07,338 ] 225 werkzeug - INFO -  * Detected change in 'c:\\users\\paurash\\desktop\\end to end ml project\\end-to-end-machine-learning-project\\env\\Lib\\site-packages\\numpy\\distutils\\fcompiler\\environment.py', reloading
[ 2023-10-11 18:25:07,339 ] 225 werkzeug - INFO -  * Detected change in 'C:\\Users\\Paurash\\Desktop\\End to End ML Project\\End-to-End-Machine-Learning-Project\\env\\Lib\\site-packages\\numpy\\distutils\\fcompiler\\environment.py', reloading
[ 2023-10-11 18:25:07,351 ] 225 werkzeug - INFO -  * Detected change in 'c:\\users\\paurash\\desktop\\end to end ml project\\end-to-end-machine-learning-project\\env\\Lib\\site-packages\\numpy\\distutils\\fcompiler\\fujitsu.py', reloading
[ 2023-10-11 18:25:07,352 ] 225 werkzeug - INFO -  * Detected change in 'C:\\Users\\Paurash\\Desktop\\End to End ML Project\\End-to-End-Machine-Learning-Project\\env\\Lib\\site-packages\\numpy\\distutils\\fcompiler\\fujitsu.py', reloading
[ 2023-10-11 18:25:07,364 ] 225 werkzeug - INFO -  * Detected change in 'c:\\users\\paurash\\desktop\\end to end ml project\\end-to-end-machine-learning-project\\env\\Lib\\site-packages\\numpy\\distutils\\fcompiler\\g95.py', reloading
[ 2023-10-11 18:25:07,365 ] 225 werkzeug - INFO -  * Detected change in 'C:\\Users\\Paurash\\Desktop\\End to End ML Project\\End-to-End-Machine-Learning-Project\\env\\Lib\\site-packages\\numpy\\distutils\\fcompiler\\g95.py', reloading
[ 2023-10-11 18:25:07,380 ] 225 werkzeug - INFO -  * Detected change in 'c:\\users\\paurash\\desktop\\end to end ml project\\end-to-end-machine-learning-project\\env\\Lib\\site-packages\\numpy\\distutils\\fcompiler\\gnu.py', reloading
[ 2023-10-11 18:25:07,381 ] 225 werkzeug - INFO -  * Detected change in 'C:\\Users\\Paurash\\Desktop\\End to End ML Project\\End-to-End-Machine-Learning-Project\\env\\Lib\\site-packages\\numpy\\distutils\\fcompiler\\gnu.py', reloading
[ 2023-10-11 18:25:07,399 ] 225 werkzeug - INFO -  * Detected change in 'c:\\users\\paurash\\desktop\\end to end ml project\\end-to-end-machine-learning-project\\env\\Lib\\site-packages\\numpy\\distutils\\fcompiler\\hpux.py', reloading
[ 2023-10-11 18:25:07,399 ] 225 werkzeug - INFO -  * Detected change in 'C:\\Users\\Paurash\\Desktop\\End to End ML Project\\End-to-End-Machine-Learning-Project\\env\\Lib\\site-packages\\numpy\\distutils\\fcompiler\\hpux.py', reloading
[ 2023-10-11 18:25:07,412 ] 225 werkzeug - INFO -  * Detected change in 'C:\\Users\\Paurash\\Desktop\\End to End ML Project\\End-to-End-Machine-Learning-Project\\env\\Lib\\site-packages\\numpy\\distutils\\fcompiler\\ibm.py', reloading
[ 2023-10-11 18:25:07,413 ] 225 werkzeug - INFO -  * Detected change in 'c:\\users\\paurash\\desktop\\end to end ml project\\end-to-end-machine-learning-project\\env\\Lib\\site-packages\\numpy\\distutils\\fcompiler\\ibm.py', reloading
[ 2023-10-11 18:25:07,429 ] 225 werkzeug - INFO -  * Detected change in 'C:\\Users\\Paurash\\Desktop\\End to End ML Project\\End-to-End-Machine-Learning-Project\\env\\Lib\\site-packages\\numpy\\distutils\\fcompiler\\intel.py', reloading
[ 2023-10-11 18:25:07,430 ] 225 werkzeug - INFO -  * Detected change in 'c:\\users\\paurash\\desktop\\end to end ml project\\end-to-end-machine-learning-project\\env\\Lib\\site-packages\\numpy\\distutils\\fcompiler\\intel.py', reloading
[ 2023-10-11 18:25:07,444 ] 225 werkzeug - INFO -  * Detected change in 'c:\\users\\paurash\\desktop\\end to end ml project\\end-to-end-machine-learning-project\\env\\Lib\\site-packages\\numpy\\distutils\\fcompiler\\lahey.py', reloading
[ 2023-10-11 18:25:07,445 ] 225 werkzeug - INFO -  * Detected change in 'C:\\Users\\Paurash\\Desktop\\End to End ML Project\\End-to-End-Machine-Learning-Project\\env\\Lib\\site-packages\\numpy\\distutils\\fcompiler\\lahey.py', reloading
[ 2023-10-11 18:25:07,468 ] 225 werkzeug - INFO -  * Detected change in 'c:\\users\\paurash\\desktop\\end to end ml project\\end-to-end-machine-learning-project\\env\\Lib\\site-packages\\numpy\\distutils\\fcompiler\\mips.py', reloading
[ 2023-10-11 18:25:07,469 ] 225 werkzeug - INFO -  * Detected change in 'C:\\Users\\Paurash\\Desktop\\End to End ML Project\\End-to-End-Machine-Learning-Project\\env\\Lib\\site-packages\\numpy\\distutils\\fcompiler\\mips.py', reloading
[ 2023-10-11 18:25:07,491 ] 225 werkzeug - INFO -  * Detected change in 'C:\\Users\\Paurash\\Desktop\\End to End ML Project\\End-to-End-Machine-Learning-Project\\env\\Lib\\site-packages\\numpy\\distutils\\fcompiler\\nag.py', reloading
[ 2023-10-11 18:25:07,492 ] 225 werkzeug - INFO -  * Detected change in 'c:\\users\\paurash\\desktop\\end to end ml project\\end-to-end-machine-learning-project\\env\\Lib\\site-packages\\numpy\\distutils\\fcompiler\\nag.py', reloading
[ 2023-10-11 18:25:07,512 ] 225 werkzeug - INFO -  * Detected change in 'c:\\users\\paurash\\desktop\\end to end ml project\\end-to-end-machine-learning-project\\env\\Lib\\site-packages\\numpy\\distutils\\fcompiler\\none.py', reloading
[ 2023-10-11 18:25:07,512 ] 225 werkzeug - INFO -  * Detected change in 'C:\\Users\\Paurash\\Desktop\\End to End ML Project\\End-to-End-Machine-Learning-Project\\env\\Lib\\site-packages\\numpy\\distutils\\fcompiler\\none.py', reloading
